{
  "D:\\wd\\Wd_Capostone\\app.js": {
    "path": "D:\\wd\\Wd_Capostone\\app.js",
    "statementMap": {
      "0": {
        "start": { "line": 2, "column": 16 },
        "end": { "line": 2, "column": 34 }
      },
      "1": {
        "start": { "line": 3, "column": 19 },
        "end": { "line": 3, "column": 41 }
      },
      "2": {
        "start": { "line": 4, "column": 14 },
        "end": { "line": 4, "column": 38 }
      },
      "3": {
        "start": { "line": 6, "column": 13 },
        "end": { "line": 6, "column": 28 }
      },
      "4": {
        "start": { "line": 7, "column": 21 },
        "end": { "line": 7, "column": 45 }
      },
      "5": {
        "start": { "line": 8, "column": 15 },
        "end": { "line": 8, "column": 32 }
      },
      "6": {
        "start": { "line": 9, "column": 15 },
        "end": { "line": 9, "column": 32 }
      },
      "7": {
        "start": { "line": 10, "column": 14 },
        "end": { "line": 10, "column": 34 }
      },
      "8": {
        "start": { "line": 11, "column": 16 },
        "end": { "line": 11, "column": 42 }
      },
      "9": {
        "start": { "line": 12, "column": 0 },
        "end": { "line": 12, "column": 40 }
      },
      "10": {
        "start": { "line": 15, "column": 24 },
        "end": { "line": 15, "column": 64 }
      },
      "11": {
        "start": { "line": 16, "column": 27 },
        "end": { "line": 16, "column": 67 }
      },
      "12": {
        "start": { "line": 19, "column": 19 },
        "end": { "line": 19, "column": 49 }
      },
      "13": {
        "start": { "line": 20, "column": 22 },
        "end": { "line": 20, "column": 56 }
      },
      "14": {
        "start": { "line": 21, "column": 23 },
        "end": { "line": 21, "column": 57 }
      },
      "15": {
        "start": { "line": 22, "column": 21 },
        "end": { "line": 22, "column": 52 }
      },
      "16": {
        "start": { "line": 23, "column": 20 },
        "end": { "line": 23, "column": 51 }
      },
      "17": {
        "start": { "line": 24, "column": 21 },
        "end": { "line": 24, "column": 53 }
      },
      "18": {
        "start": { "line": 27, "column": 12 },
        "end": { "line": 27, "column": 21 }
      },
      "19": {
        "start": { "line": 30, "column": 0 },
        "end": { "line": 30, "column": 27 }
      },
      "20": {
        "start": { "line": 31, "column": 0 },
        "end": { "line": 31, "column": 24 }
      },
      "21": {
        "start": { "line": 32, "column": 0 },
        "end": { "line": 32, "column": 23 }
      },
      "22": {
        "start": { "line": 33, "column": 0 },
        "end": { "line": 33, "column": 49 }
      },
      "23": {
        "start": { "line": 34, "column": 0 },
        "end": { "line": 34, "column": 50 }
      },
      "24": {
        "start": { "line": 37, "column": 0 },
        "end": { "line": 41, "column": 3 }
      },
      "25": {
        "start": { "line": 38, "column": 2 },
        "end": { "line": 38, "column": 37 }
      },
      "26": {
        "start": { "line": 39, "column": 2 },
        "end": { "line": 39, "column": 36 }
      },
      "27": {
        "start": { "line": 40, "column": 2 },
        "end": { "line": 40, "column": 9 }
      },
      "28": {
        "start": { "line": 42, "column": 0 },
        "end": { "line": 42, "column": 68 }
      },
      "29": {
        "start": { "line": 45, "column": 0 },
        "end": { "line": 53, "column": 2 }
      },
      "30": {
        "start": { "line": 55, "column": 0 },
        "end": { "line": 55, "column": 17 }
      },
      "31": {
        "start": { "line": 56, "column": 0 },
        "end": { "line": 59, "column": 3 }
      },
      "32": {
        "start": { "line": 57, "column": 2 },
        "end": { "line": 57, "column": 45 }
      },
      "33": {
        "start": { "line": 58, "column": 2 },
        "end": { "line": 58, "column": 9 }
      },
      "34": {
        "start": { "line": 62, "column": 0 },
        "end": { "line": 62, "column": 48 }
      },
      "35": {
        "start": { "line": 63, "column": 0 },
        "end": { "line": 63, "column": 30 }
      },
      "36": {
        "start": { "line": 66, "column": 0 },
        "end": { "line": 77, "column": 3 }
      },
      "37": {
        "start": { "line": 69, "column": 2 },
        "end": { "line": 76, "column": 3 }
      },
      "38": {
        "start": { "line": 70, "column": 4 },
        "end": { "line": 70, "column": 31 }
      },
      "39": {
        "start": { "line": 72, "column": 4 },
        "end": { "line": 75, "column": 7 }
      },
      "40": {
        "start": { "line": 79, "column": 0 },
        "end": { "line": 84, "column": 3 }
      },
      "41": {
        "start": { "line": 80, "column": 2 },
        "end": { "line": 83, "column": 5 }
      },
      "42": {
        "start": { "line": 85, "column": 0 },
        "end": { "line": 90, "column": 3 }
      },
      "43": {
        "start": { "line": 86, "column": 2 },
        "end": { "line": 89, "column": 5 }
      },
      "44": {
        "start": { "line": 92, "column": 0 },
        "end": { "line": 98, "column": 3 }
      },
      "45": {
        "start": { "line": 94, "column": 2 },
        "end": { "line": 97, "column": 5 }
      },
      "46": {
        "start": { "line": 99, "column": 0 },
        "end": { "line": 105, "column": 3 }
      },
      "47": {
        "start": { "line": 101, "column": 2 },
        "end": { "line": 104, "column": 5 }
      },
      "48": {
        "start": { "line": 106, "column": 0 },
        "end": { "line": 112, "column": 3 }
      },
      "49": {
        "start": { "line": 108, "column": 2 },
        "end": { "line": 111, "column": 5 }
      },
      "50": {
        "start": { "line": 114, "column": 0 },
        "end": { "line": 121, "column": 3 }
      },
      "51": {
        "start": { "line": 115, "column": 2 },
        "end": { "line": 118, "column": 5 }
      },
      "52": {
        "start": { "line": 120, "column": 2 },
        "end": { "line": 120, "column": 25 }
      },
      "53": {
        "start": { "line": 124, "column": 0 },
        "end": { "line": 124, "column": 31 }
      },
      "54": {
        "start": { "line": 125, "column": 0 },
        "end": { "line": 125, "column": 55 }
      },
      "55": {
        "start": { "line": 126, "column": 0 },
        "end": { "line": 126, "column": 34 }
      },
      "56": {
        "start": { "line": 127, "column": 0 },
        "end": { "line": 127, "column": 32 }
      },
      "57": {
        "start": { "line": 128, "column": 0 },
        "end": { "line": 128, "column": 34 }
      },
      "58": {
        "start": { "line": 129, "column": 0 },
        "end": { "line": 129, "column": 37 }
      },
      "59": {
        "start": { "line": 140, "column": 0 },
        "end": { "line": 140, "column": 28 }
      },
      "60": {
        "start": { "line": 143, "column": 0 },
        "end": { "line": 143, "column": 21 }
      }
    },
    "fnMap": {
      "0": {
        "name": "(anonymous_0)",
        "decl": {
          "start": { "line": 37, "column": 8 },
          "end": { "line": 37, "column": 9 }
        },
        "loc": {
          "start": { "line": 37, "column": 28 },
          "end": { "line": 41, "column": 1 }
        },
        "line": 37
      },
      "1": {
        "name": "(anonymous_1)",
        "decl": {
          "start": { "line": 56, "column": 8 },
          "end": { "line": 56, "column": 9 }
        },
        "loc": {
          "start": { "line": 56, "column": 43 },
          "end": { "line": 59, "column": 1 }
        },
        "line": 56
      },
      "2": {
        "name": "(anonymous_2)",
        "decl": {
          "start": { "line": 66, "column": 30 },
          "end": { "line": 66, "column": 31 }
        },
        "loc": {
          "start": { "line": 66, "column": 50 },
          "end": { "line": 77, "column": 1 }
        },
        "line": 66
      },
      "3": {
        "name": "(anonymous_3)",
        "decl": {
          "start": { "line": 79, "column": 19 },
          "end": { "line": 79, "column": 20 }
        },
        "loc": {
          "start": { "line": 79, "column": 42 },
          "end": { "line": 84, "column": 1 }
        },
        "line": 79
      },
      "4": {
        "name": "(anonymous_4)",
        "decl": {
          "start": { "line": 85, "column": 18 },
          "end": { "line": 85, "column": 19 }
        },
        "loc": {
          "start": { "line": 85, "column": 41 },
          "end": { "line": 90, "column": 1 }
        },
        "line": 85
      },
      "5": {
        "name": "(anonymous_5)",
        "decl": {
          "start": { "line": 92, "column": 23 },
          "end": { "line": 92, "column": 24 }
        },
        "loc": {
          "start": { "line": 92, "column": 43 },
          "end": { "line": 98, "column": 1 }
        },
        "line": 92
      },
      "6": {
        "name": "(anonymous_6)",
        "decl": {
          "start": { "line": 99, "column": 27 },
          "end": { "line": 99, "column": 28 }
        },
        "loc": {
          "start": { "line": 99, "column": 47 },
          "end": { "line": 105, "column": 1 }
        },
        "line": 99
      },
      "7": {
        "name": "(anonymous_7)",
        "decl": {
          "start": { "line": 106, "column": 26 },
          "end": { "line": 106, "column": 27 }
        },
        "loc": {
          "start": { "line": 106, "column": 46 },
          "end": { "line": 112, "column": 1 }
        },
        "line": 106
      },
      "8": {
        "name": "(anonymous_8)",
        "decl": {
          "start": { "line": 114, "column": 20 },
          "end": { "line": 114, "column": 21 }
        },
        "loc": {
          "start": { "line": 114, "column": 43 },
          "end": { "line": 121, "column": 1 }
        },
        "line": 114
      }
    },
    "branchMap": {
      "0": {
        "loc": {
          "start": { "line": 69, "column": 2 },
          "end": { "line": 76, "column": 3 }
        },
        "type": "if",
        "locations": [
          {
            "start": { "line": 69, "column": 2 },
            "end": { "line": 76, "column": 3 }
          },
          {
            "start": { "line": 71, "column": 9 },
            "end": { "line": 76, "column": 3 }
          }
        ],
        "line": 69
      }
    },
    "s": {
      "0": 5,
      "1": 5,
      "2": 5,
      "3": 5,
      "4": 5,
      "5": 5,
      "6": 5,
      "7": 5,
      "8": 5,
      "9": 5,
      "10": 5,
      "11": 5,
      "12": 5,
      "13": 5,
      "14": 5,
      "15": 5,
      "16": 5,
      "17": 5,
      "18": 5,
      "19": 5,
      "20": 5,
      "21": 5,
      "22": 5,
      "23": 5,
      "24": 5,
      "25": 150,
      "26": 150,
      "27": 150,
      "28": 5,
      "29": 5,
      "30": 5,
      "31": 5,
      "32": 150,
      "33": 150,
      "34": 5,
      "35": 5,
      "36": 5,
      "37": 1,
      "38": 0,
      "39": 1,
      "40": 5,
      "41": 6,
      "42": 5,
      "43": 14,
      "44": 5,
      "45": 0,
      "46": 5,
      "47": 0,
      "48": 5,
      "49": 0,
      "50": 5,
      "51": 1,
      "52": 1,
      "53": 5,
      "54": 5,
      "55": 5,
      "56": 5,
      "57": 5,
      "58": 5,
      "59": 5,
      "60": 5
    },
    "f": {
      "0": 150,
      "1": 150,
      "2": 1,
      "3": 6,
      "4": 14,
      "5": 0,
      "6": 0,
      "7": 0,
      "8": 1
    },
    "b": { "0": [0, 1] },
    "_coverageSchema": "1a1c01bbd47fc00a2c39e90264f33305004495a9",
    "hash": "511f8e6ca3170cc2c81cf67b482c8c33d4a7de5c"
  },
  "D:\\wd\\Wd_Capostone\\auth\\passport\\index.js": {
    "path": "D:\\wd\\Wd_Capostone\\auth\\passport\\index.js",
    "statementMap": {
      "0": {
        "start": { "line": 1, "column": 22 },
        "end": { "line": 1, "column": 48 }
      },
      "1": {
        "start": { "line": 3, "column": 18 },
        "end": { "line": 3, "column": 41 }
      },
      "2": {
        "start": { "line": 4, "column": 25 },
        "end": { "line": 20, "column": 1 }
      },
      "3": {
        "start": { "line": 5, "column": 2 },
        "end": { "line": 5, "column": 30 }
      },
      "4": {
        "start": { "line": 7, "column": 2 },
        "end": { "line": 10, "column": 5 }
      },
      "5": {
        "start": { "line": 8, "column": 4 },
        "end": { "line": 8, "column": 57 }
      },
      "6": {
        "start": { "line": 9, "column": 4 },
        "end": { "line": 9, "column": 25 }
      },
      "7": {
        "start": { "line": 12, "column": 2 },
        "end": { "line": 18, "column": 5 }
      },
      "8": {
        "start": { "line": 13, "column": 4 },
        "end": { "line": 17, "column": 43 }
      },
      "9": {
        "start": { "line": 15, "column": 8 },
        "end": { "line": 15, "column": 25 }
      },
      "10": {
        "start": { "line": 17, "column": 24 },
        "end": { "line": 17, "column": 41 }
      },
      "11": {
        "start": { "line": 22, "column": 0 },
        "end": { "line": 22, "column": 34 }
      }
    },
    "fnMap": {
      "0": {
        "name": "(anonymous_0)",
        "decl": {
          "start": { "line": 4, "column": 25 },
          "end": { "line": 4, "column": 26 }
        },
        "loc": {
          "start": { "line": 4, "column": 39 },
          "end": { "line": 20, "column": 1 }
        },
        "line": 4
      },
      "1": {
        "name": "(anonymous_1)",
        "decl": {
          "start": { "line": 7, "column": 25 },
          "end": { "line": 7, "column": 26 }
        },
        "loc": {
          "start": { "line": 7, "column": 42 },
          "end": { "line": 10, "column": 3 }
        },
        "line": 7
      },
      "2": {
        "name": "(anonymous_2)",
        "decl": {
          "start": { "line": 12, "column": 27 },
          "end": { "line": 12, "column": 28 }
        },
        "loc": {
          "start": { "line": 12, "column": 41 },
          "end": { "line": 18, "column": 3 }
        },
        "line": 12
      },
      "3": {
        "name": "(anonymous_3)",
        "decl": {
          "start": { "line": 14, "column": 12 },
          "end": { "line": 14, "column": 13 }
        },
        "loc": {
          "start": { "line": 14, "column": 22 },
          "end": { "line": 16, "column": 7 }
        },
        "line": 14
      },
      "4": {
        "name": "(anonymous_4)",
        "decl": {
          "start": { "line": 17, "column": 13 },
          "end": { "line": 17, "column": 14 }
        },
        "loc": {
          "start": { "line": 17, "column": 24 },
          "end": { "line": 17, "column": 41 }
        },
        "line": 17
      }
    },
    "branchMap": {},
    "s": {
      "0": 5,
      "1": 5,
      "2": 5,
      "3": 10,
      "4": 10,
      "5": 0,
      "6": 0,
      "7": 10,
      "8": 0,
      "9": 0,
      "10": 0,
      "11": 5
    },
    "f": { "0": 10, "1": 0, "2": 0, "3": 0, "4": 0 },
    "b": {},
    "_coverageSchema": "1a1c01bbd47fc00a2c39e90264f33305004495a9",
    "hash": "1ee76c27f0af778470e4132f8bd72b89ccb5288e"
  },
  "D:\\wd\\Wd_Capostone\\auth\\passport\\localStrategy.js": {
    "path": "D:\\wd\\Wd_Capostone\\auth\\passport\\localStrategy.js",
    "statementMap": {
      "0": {
        "start": { "line": 1, "column": 15 },
        "end": { "line": 1, "column": 32 }
      },
      "1": {
        "start": { "line": 2, "column": 22 },
        "end": { "line": 2, "column": 47 }
      },
      "2": {
        "start": { "line": 4, "column": 28 },
        "end": { "line": 4, "column": 51 }
      },
      "3": {
        "start": { "line": 5, "column": 17 },
        "end": { "line": 38, "column": 1 }
      },
      "4": {
        "start": { "line": 10, "column": 32 },
        "end": { "line": 37, "column": 3 }
      },
      "5": {
        "start": { "line": 13, "column": 8 },
        "end": { "line": 17, "column": 9 }
      },
      "6": {
        "start": { "line": 14, "column": 10 },
        "end": { "line": 16, "column": 13 }
      },
      "7": {
        "start": { "line": 20, "column": 25 },
        "end": { "line": 20, "column": 66 }
      },
      "8": {
        "start": { "line": 21, "column": 8 },
        "end": { "line": 25, "column": 9 }
      },
      "9": {
        "start": { "line": 22, "column": 10 },
        "end": { "line": 24, "column": 13 }
      },
      "10": {
        "start": { "line": 26, "column": 23 },
        "end": { "line": 26, "column": 69 }
      },
      "11": {
        "start": { "line": 27, "column": 8 },
        "end": { "line": 32, "column": 9 }
      },
      "12": {
        "start": { "line": 29, "column": 10 },
        "end": { "line": 29, "column": 35 }
      },
      "13": {
        "start": { "line": 31, "column": 10 },
        "end": { "line": 31, "column": 80 }
      },
      "14": {
        "start": { "line": 35, "column": 8 },
        "end": { "line": 35, "column": 27 }
      },
      "15": {
        "start": { "line": 39, "column": 0 },
        "end": { "line": 39, "column": 26 }
      }
    },
    "fnMap": {
      "0": {
        "name": "(anonymous_0)",
        "decl": {
          "start": { "line": 10, "column": 2 },
          "end": { "line": 10, "column": 3 }
        },
        "loc": {
          "start": { "line": 10, "column": 32 },
          "end": { "line": 37, "column": 3 }
        },
        "line": 10
      },
      "1": {
        "name": "(anonymous_1)",
        "decl": {
          "start": { "line": 12, "column": 12 },
          "end": { "line": 12, "column": 13 }
        },
        "loc": {
          "start": { "line": 12, "column": 29 },
          "end": { "line": 33, "column": 7 }
        },
        "line": 12
      },
      "2": {
        "name": "(anonymous_2)",
        "decl": {
          "start": { "line": 34, "column": 13 },
          "end": { "line": 34, "column": 14 }
        },
        "loc": {
          "start": { "line": 34, "column": 24 },
          "end": { "line": 36, "column": 7 }
        },
        "line": 34
      }
    },
    "branchMap": {
      "0": {
        "loc": {
          "start": { "line": 13, "column": 8 },
          "end": { "line": 17, "column": 9 }
        },
        "type": "if",
        "locations": [
          {
            "start": { "line": 13, "column": 8 },
            "end": { "line": 17, "column": 9 }
          },
          { "start": {}, "end": {} }
        ],
        "line": 13
      },
      "1": {
        "loc": {
          "start": { "line": 21, "column": 8 },
          "end": { "line": 25, "column": 9 }
        },
        "type": "if",
        "locations": [
          {
            "start": { "line": 21, "column": 8 },
            "end": { "line": 25, "column": 9 }
          },
          { "start": {}, "end": {} }
        ],
        "line": 21
      },
      "2": {
        "loc": {
          "start": { "line": 27, "column": 8 },
          "end": { "line": 32, "column": 9 }
        },
        "type": "if",
        "locations": [
          {
            "start": { "line": 27, "column": 8 },
            "end": { "line": 32, "column": 9 }
          },
          {
            "start": { "line": 30, "column": 15 },
            "end": { "line": 32, "column": 9 }
          }
        ],
        "line": 27
      }
    },
    "s": {
      "0": 5,
      "1": 5,
      "2": 5,
      "3": 5,
      "4": 0,
      "5": 0,
      "6": 0,
      "7": 0,
      "8": 0,
      "9": 0,
      "10": 0,
      "11": 0,
      "12": 0,
      "13": 0,
      "14": 0,
      "15": 5
    },
    "f": { "0": 0, "1": 0, "2": 0 },
    "b": { "0": [0, 0], "1": [0, 0], "2": [0, 0] },
    "_coverageSchema": "1a1c01bbd47fc00a2c39e90264f33305004495a9",
    "hash": "64f081dd01be3b32a43486a8aaf4056d52dee478"
  },
  "D:\\wd\\Wd_Capostone\\controllers\\adminController.js": {
    "path": "D:\\wd\\Wd_Capostone\\controllers\\adminController.js",
    "statementMap": {
      "0": {
        "start": { "line": 1, "column": 15 },
        "end": { "line": 1, "column": 32 }
      },
      "1": {
        "start": { "line": 2, "column": 15 },
        "end": { "line": 2, "column": 32 }
      },
      "2": {
        "start": { "line": 3, "column": 15 },
        "end": { "line": 3, "column": 35 }
      },
      "3": {
        "start": { "line": 5, "column": 53 },
        "end": { "line": 5, "column": 73 }
      },
      "4": {
        "start": { "line": 6, "column": 14 },
        "end": { "line": 6, "column": 41 }
      },
      "5": {
        "start": { "line": 7, "column": 17 },
        "end": { "line": 7, "column": 45 }
      },
      "6": {
        "start": { "line": 8, "column": 53 },
        "end": { "line": 8, "column": 78 }
      },
      "7": {
        "start": { "line": 11, "column": 24 },
        "end": { "line": 25, "column": 1 }
      },
      "8": {
        "start": { "line": 13, "column": 16 },
        "end": { "line": 13, "column": 51 }
      },
      "9": {
        "start": { "line": 15, "column": 24 },
        "end": { "line": 18, "column": 3 }
      },
      "10": {
        "start": { "line": 19, "column": 2 },
        "end": { "line": 19, "column": 72 }
      },
      "11": {
        "start": { "line": 19, "column": 44 },
        "end": { "line": 19, "column": 72 }
      },
      "12": {
        "start": { "line": 21, "column": 2 },
        "end": { "line": 21, "column": 42 }
      },
      "13": {
        "start": { "line": 24, "column": 2 },
        "end": { "line": 24, "column": 29 }
      },
      "14": {
        "start": { "line": 28, "column": 0 },
        "end": { "line": 72, "column": 2 }
      },
      "15": {
        "start": { "line": 29, "column": 51 },
        "end": { "line": 29, "column": 59 }
      },
      "16": {
        "start": { "line": 31, "column": 20 },
        "end": { "line": 31, "column": 58 }
      },
      "17": {
        "start": { "line": 34, "column": 2 },
        "end": { "line": 71, "column": 3 }
      },
      "18": {
        "start": { "line": 35, "column": 18 },
        "end": { "line": 40, "column": 6 }
      },
      "19": {
        "start": { "line": 41, "column": 4 },
        "end": { "line": 41, "column": 37 }
      },
      "20": {
        "start": { "line": 43, "column": 4 },
        "end": { "line": 43, "column": 31 }
      },
      "21": {
        "start": { "line": 44, "column": 4 },
        "end": { "line": 47, "column": 5 }
      },
      "22": {
        "start": { "line": 45, "column": 6 },
        "end": { "line": 45, "column": 49 }
      },
      "23": {
        "start": { "line": 46, "column": 6 },
        "end": { "line": 46, "column": 30 }
      },
      "24": {
        "start": { "line": 48, "column": 4 },
        "end": { "line": 70, "column": 5 }
      },
      "25": {
        "start": { "line": 49, "column": 6 },
        "end": { "line": 67, "column": 7 }
      },
      "26": {
        "start": { "line": 50, "column": 8 },
        "end": { "line": 50, "column": 47 }
      },
      "27": {
        "start": { "line": 51, "column": 8 },
        "end": { "line": 55, "column": 9 }
      },
      "28": {
        "start": { "line": 54, "column": 10 },
        "end": { "line": 54, "column": 77 }
      },
      "29": {
        "start": { "line": 56, "column": 8 },
        "end": { "line": 58, "column": 9 }
      },
      "30": {
        "start": { "line": 57, "column": 10 },
        "end": { "line": 57, "column": 76 }
      },
      "31": {
        "start": { "line": 59, "column": 8 },
        "end": { "line": 63, "column": 9 }
      },
      "32": {
        "start": { "line": 62, "column": 10 },
        "end": { "line": 62, "column": 46 }
      },
      "33": {
        "start": { "line": 64, "column": 8 },
        "end": { "line": 66, "column": 9 }
      },
      "34": {
        "start": { "line": 65, "column": 10 },
        "end": { "line": 65, "column": 62 }
      },
      "35": {
        "start": { "line": 69, "column": 6 },
        "end": { "line": 69, "column": 30 }
      },
      "36": {
        "start": { "line": 75, "column": 0 },
        "end": { "line": 96, "column": 2 }
      },
      "37": {
        "start": { "line": 76, "column": 30 },
        "end": { "line": 76, "column": 38 }
      },
      "38": {
        "start": { "line": 77, "column": 2 },
        "end": { "line": 95, "column": 3 }
      },
      "39": {
        "start": { "line": 79, "column": 18 },
        "end": { "line": 79, "column": 59 }
      },
      "40": {
        "start": { "line": 80, "column": 4 },
        "end": { "line": 83, "column": 5 }
      },
      "41": {
        "start": { "line": 81, "column": 6 },
        "end": { "line": 81, "column": 42 }
      },
      "42": {
        "start": { "line": 82, "column": 6 },
        "end": { "line": 82, "column": 29 }
      },
      "43": {
        "start": { "line": 85, "column": 28 },
        "end": { "line": 85, "column": 74 }
      },
      "44": {
        "start": { "line": 86, "column": 4 },
        "end": { "line": 89, "column": 5 }
      },
      "45": {
        "start": { "line": 87, "column": 6 },
        "end": { "line": 87, "column": 57 }
      },
      "46": {
        "start": { "line": 88, "column": 6 },
        "end": { "line": 88, "column": 29 }
      },
      "47": {
        "start": { "line": 90, "column": 4 },
        "end": { "line": 92, "column": 5 }
      },
      "48": {
        "start": { "line": 91, "column": 6 },
        "end": { "line": 91, "column": 39 }
      },
      "49": {
        "start": { "line": 94, "column": 4 },
        "end": { "line": 94, "column": 31 }
      },
      "50": {
        "start": { "line": 99, "column": 0 },
        "end": { "line": 106, "column": 2 }
      },
      "51": {
        "start": { "line": 100, "column": 2 },
        "end": { "line": 103, "column": 5 }
      },
      "52": {
        "start": { "line": 105, "column": 2 },
        "end": { "line": 105, "column": 20 }
      },
      "53": {
        "start": { "line": 109, "column": 0 },
        "end": { "line": 136, "column": 2 }
      },
      "54": {
        "start": { "line": 110, "column": 17 },
        "end": { "line": 110, "column": 25 }
      },
      "55": {
        "start": { "line": 111, "column": 16 },
        "end": { "line": 111, "column": 44 }
      },
      "56": {
        "start": { "line": 112, "column": 2 },
        "end": { "line": 115, "column": 3 }
      },
      "57": {
        "start": { "line": 114, "column": 4 },
        "end": { "line": 114, "column": 53 }
      },
      "58": {
        "start": { "line": 116, "column": 20 },
        "end": { "line": 116, "column": 57 }
      },
      "59": {
        "start": { "line": 117, "column": 20 },
        "end": { "line": 117, "column": 76 }
      },
      "60": {
        "start": { "line": 118, "column": 18 },
        "end": { "line": 118, "column": 72 }
      },
      "61": {
        "start": { "line": 119, "column": 17 },
        "end": { "line": 119, "column": 70 }
      },
      "62": {
        "start": { "line": 121, "column": 2 },
        "end": { "line": 135, "column": 3 }
      },
      "63": {
        "start": { "line": 122, "column": 4 },
        "end": { "line": 130, "column": 7 }
      },
      "64": {
        "start": { "line": 132, "column": 4 },
        "end": { "line": 134, "column": 7 }
      },
      "65": {
        "start": { "line": 138, "column": 0 },
        "end": { "line": 151, "column": 2 }
      },
      "66": {
        "start": { "line": 139, "column": 17 },
        "end": { "line": 139, "column": 43 }
      },
      "67": {
        "start": { "line": 140, "column": 2 },
        "end": { "line": 150, "column": 3 }
      },
      "68": {
        "start": { "line": 141, "column": 4 },
        "end": { "line": 145, "column": 7 }
      },
      "69": {
        "start": { "line": 147, "column": 4 },
        "end": { "line": 149, "column": 7 }
      },
      "70": {
        "start": { "line": 154, "column": 0 },
        "end": { "line": 178, "column": 2 }
      },
      "71": {
        "start": { "line": 155, "column": 20 },
        "end": { "line": 155, "column": 28 }
      },
      "72": {
        "start": { "line": 157, "column": 16 },
        "end": { "line": 157, "column": 57 }
      },
      "73": {
        "start": { "line": 158, "column": 2 },
        "end": { "line": 162, "column": 3 }
      },
      "74": {
        "start": { "line": 159, "column": 4 },
        "end": { "line": 159, "column": 56 }
      },
      "75": {
        "start": { "line": 160, "column": 4 },
        "end": { "line": 160, "column": 25 }
      },
      "76": {
        "start": { "line": 161, "column": 4 },
        "end": { "line": 161, "column": 11 }
      },
      "77": {
        "start": { "line": 164, "column": 21 },
        "end": { "line": 164, "column": 53 }
      },
      "78": {
        "start": { "line": 166, "column": 2 },
        "end": { "line": 166, "column": 21 }
      },
      "79": {
        "start": { "line": 168, "column": 19 },
        "end": { "line": 170, "column": 40 }
      },
      "80": {
        "start": { "line": 171, "column": 2 },
        "end": { "line": 171, "column": 55 }
      },
      "81": {
        "start": { "line": 173, "column": 2 },
        "end": { "line": 176, "column": 4 }
      },
      "82": {
        "start": { "line": 177, "column": 2 },
        "end": { "line": 177, "column": 23 }
      },
      "83": {
        "start": { "line": 181, "column": 0 },
        "end": { "line": 221, "column": 2 }
      },
      "84": {
        "start": { "line": 183, "column": 22 },
        "end": { "line": 186, "column": 18 }
      },
      "85": {
        "start": { "line": 188, "column": 16 },
        "end": { "line": 196, "column": 4 }
      },
      "86": {
        "start": { "line": 197, "column": 2 },
        "end": { "line": 201, "column": 3 }
      },
      "87": {
        "start": { "line": 198, "column": 4 },
        "end": { "line": 198, "column": 40 }
      },
      "88": {
        "start": { "line": 199, "column": 4 },
        "end": { "line": 199, "column": 25 }
      },
      "89": {
        "start": { "line": 200, "column": 4 },
        "end": { "line": 200, "column": 11 }
      },
      "90": {
        "start": { "line": 203, "column": 25 },
        "end": { "line": 203, "column": 72 }
      },
      "91": {
        "start": { "line": 204, "column": 2 },
        "end": { "line": 204, "column": 34 }
      },
      "92": {
        "start": { "line": 205, "column": 2 },
        "end": { "line": 205, "column": 41 }
      },
      "93": {
        "start": { "line": 206, "column": 2 },
        "end": { "line": 206, "column": 36 }
      },
      "94": {
        "start": { "line": 207, "column": 2 },
        "end": { "line": 207, "column": 21 }
      },
      "95": {
        "start": { "line": 208, "column": 16 },
        "end": { "line": 208, "column": 51 }
      },
      "96": {
        "start": { "line": 209, "column": 24 },
        "end": { "line": 213, "column": 3 }
      },
      "97": {
        "start": { "line": 214, "column": 2 },
        "end": { "line": 214, "column": 72 }
      },
      "98": {
        "start": { "line": 214, "column": 44 },
        "end": { "line": 214, "column": 72 }
      },
      "99": {
        "start": { "line": 217, "column": 2 },
        "end": { "line": 217, "column": 42 }
      },
      "100": {
        "start": { "line": 220, "column": 2 },
        "end": { "line": 220, "column": 29 }
      }
    },
    "fnMap": {
      "0": {
        "name": "(anonymous_0)",
        "decl": {
          "start": { "line": 11, "column": 24 },
          "end": { "line": 11, "column": 25 }
        },
        "loc": {
          "start": { "line": 11, "column": 45 },
          "end": { "line": 25, "column": 1 }
        },
        "line": 11
      },
      "1": {
        "name": "(anonymous_1)",
        "decl": {
          "start": { "line": 28, "column": 19 },
          "end": { "line": 28, "column": 20 }
        },
        "loc": {
          "start": { "line": 28, "column": 39 },
          "end": { "line": 72, "column": 1 }
        },
        "line": 28
      },
      "2": {
        "name": "(anonymous_2)",
        "decl": {
          "start": { "line": 75, "column": 16 },
          "end": { "line": 75, "column": 17 }
        },
        "loc": {
          "start": { "line": 75, "column": 36 },
          "end": { "line": 96, "column": 1 }
        },
        "line": 75
      },
      "3": {
        "name": "(anonymous_3)",
        "decl": {
          "start": { "line": 99, "column": 17 },
          "end": { "line": 99, "column": 18 }
        },
        "loc": {
          "start": { "line": 99, "column": 31 },
          "end": { "line": 106, "column": 1 }
        },
        "line": 99
      },
      "4": {
        "name": "(anonymous_4)",
        "decl": {
          "start": { "line": 109, "column": 26 },
          "end": { "line": 109, "column": 27 }
        },
        "loc": {
          "start": { "line": 109, "column": 52 },
          "end": { "line": 136, "column": 1 }
        },
        "line": 109
      },
      "5": {
        "name": "(anonymous_5)",
        "decl": {
          "start": { "line": 138, "column": 23 },
          "end": { "line": 138, "column": 24 }
        },
        "loc": {
          "start": { "line": 138, "column": 43 },
          "end": { "line": 151, "column": 1 }
        },
        "line": 138
      },
      "6": {
        "name": "(anonymous_6)",
        "decl": {
          "start": { "line": 154, "column": 25 },
          "end": { "line": 154, "column": 26 }
        },
        "loc": {
          "start": { "line": 154, "column": 45 },
          "end": { "line": 178, "column": 1 }
        },
        "line": 154
      },
      "7": {
        "name": "(anonymous_7)",
        "decl": {
          "start": { "line": 181, "column": 24 },
          "end": { "line": 181, "column": 25 }
        },
        "loc": {
          "start": { "line": 181, "column": 44 },
          "end": { "line": 221, "column": 1 }
        },
        "line": 181
      }
    },
    "branchMap": {
      "0": {
        "loc": {
          "start": { "line": 19, "column": 2 },
          "end": { "line": 19, "column": 72 }
        },
        "type": "if",
        "locations": [
          {
            "start": { "line": 19, "column": 2 },
            "end": { "line": 19, "column": 72 }
          },
          { "start": {}, "end": {} }
        ],
        "line": 19
      },
      "1": {
        "loc": {
          "start": { "line": 44, "column": 4 },
          "end": { "line": 47, "column": 5 }
        },
        "type": "if",
        "locations": [
          {
            "start": { "line": 44, "column": 4 },
            "end": { "line": 47, "column": 5 }
          },
          { "start": {}, "end": {} }
        ],
        "line": 44
      },
      "2": {
        "loc": {
          "start": { "line": 48, "column": 4 },
          "end": { "line": 70, "column": 5 }
        },
        "type": "if",
        "locations": [
          {
            "start": { "line": 48, "column": 4 },
            "end": { "line": 70, "column": 5 }
          },
          { "start": {}, "end": {} }
        ],
        "line": 48
      },
      "3": {
        "loc": {
          "start": { "line": 51, "column": 8 },
          "end": { "line": 55, "column": 9 }
        },
        "type": "if",
        "locations": [
          {
            "start": { "line": 51, "column": 8 },
            "end": { "line": 55, "column": 9 }
          },
          { "start": {}, "end": {} }
        ],
        "line": 51
      },
      "4": {
        "loc": {
          "start": { "line": 56, "column": 8 },
          "end": { "line": 58, "column": 9 }
        },
        "type": "if",
        "locations": [
          {
            "start": { "line": 56, "column": 8 },
            "end": { "line": 58, "column": 9 }
          },
          { "start": {}, "end": {} }
        ],
        "line": 56
      },
      "5": {
        "loc": {
          "start": { "line": 59, "column": 8 },
          "end": { "line": 63, "column": 9 }
        },
        "type": "if",
        "locations": [
          {
            "start": { "line": 59, "column": 8 },
            "end": { "line": 63, "column": 9 }
          },
          { "start": {}, "end": {} }
        ],
        "line": 59
      },
      "6": {
        "loc": {
          "start": { "line": 64, "column": 8 },
          "end": { "line": 66, "column": 9 }
        },
        "type": "if",
        "locations": [
          {
            "start": { "line": 64, "column": 8 },
            "end": { "line": 66, "column": 9 }
          },
          { "start": {}, "end": {} }
        ],
        "line": 64
      },
      "7": {
        "loc": {
          "start": { "line": 80, "column": 4 },
          "end": { "line": 83, "column": 5 }
        },
        "type": "if",
        "locations": [
          {
            "start": { "line": 80, "column": 4 },
            "end": { "line": 83, "column": 5 }
          },
          { "start": {}, "end": {} }
        ],
        "line": 80
      },
      "8": {
        "loc": {
          "start": { "line": 86, "column": 4 },
          "end": { "line": 89, "column": 5 }
        },
        "type": "if",
        "locations": [
          {
            "start": { "line": 86, "column": 4 },
            "end": { "line": 89, "column": 5 }
          },
          { "start": {}, "end": {} }
        ],
        "line": 86
      },
      "9": {
        "loc": {
          "start": { "line": 90, "column": 4 },
          "end": { "line": 92, "column": 5 }
        },
        "type": "if",
        "locations": [
          {
            "start": { "line": 90, "column": 4 },
            "end": { "line": 92, "column": 5 }
          },
          { "start": {}, "end": {} }
        ],
        "line": 90
      },
      "10": {
        "loc": {
          "start": { "line": 112, "column": 2 },
          "end": { "line": 115, "column": 3 }
        },
        "type": "if",
        "locations": [
          {
            "start": { "line": 112, "column": 2 },
            "end": { "line": 115, "column": 3 }
          },
          { "start": {}, "end": {} }
        ],
        "line": 112
      },
      "11": {
        "loc": {
          "start": { "line": 121, "column": 2 },
          "end": { "line": 135, "column": 3 }
        },
        "type": "if",
        "locations": [
          {
            "start": { "line": 121, "column": 2 },
            "end": { "line": 135, "column": 3 }
          },
          {
            "start": { "line": 131, "column": 9 },
            "end": { "line": 135, "column": 3 }
          }
        ],
        "line": 121
      },
      "12": {
        "loc": {
          "start": { "line": 140, "column": 2 },
          "end": { "line": 150, "column": 3 }
        },
        "type": "if",
        "locations": [
          {
            "start": { "line": 140, "column": 2 },
            "end": { "line": 150, "column": 3 }
          },
          {
            "start": { "line": 146, "column": 9 },
            "end": { "line": 150, "column": 3 }
          }
        ],
        "line": 140
      },
      "13": {
        "loc": {
          "start": { "line": 158, "column": 2 },
          "end": { "line": 162, "column": 3 }
        },
        "type": "if",
        "locations": [
          {
            "start": { "line": 158, "column": 2 },
            "end": { "line": 162, "column": 3 }
          },
          { "start": {}, "end": {} }
        ],
        "line": 158
      },
      "14": {
        "loc": {
          "start": { "line": 197, "column": 2 },
          "end": { "line": 201, "column": 3 }
        },
        "type": "if",
        "locations": [
          {
            "start": { "line": 197, "column": 2 },
            "end": { "line": 201, "column": 3 }
          },
          { "start": {}, "end": {} }
        ],
        "line": 197
      },
      "15": {
        "loc": {
          "start": { "line": 214, "column": 2 },
          "end": { "line": 214, "column": 72 }
        },
        "type": "if",
        "locations": [
          {
            "start": { "line": 214, "column": 2 },
            "end": { "line": 214, "column": 72 }
          },
          { "start": {}, "end": {} }
        ],
        "line": 214
      }
    },
    "s": {
      "0": 5,
      "1": 5,
      "2": 5,
      "3": 5,
      "4": 5,
      "5": 5,
      "6": 5,
      "7": 5,
      "8": 10,
      "9": 10,
      "10": 10,
      "11": 0,
      "12": 10,
      "13": 10,
      "14": 5,
      "15": 6,
      "16": 6,
      "17": 6,
      "18": 6,
      "19": 6,
      "20": 0,
      "21": 0,
      "22": 0,
      "23": 0,
      "24": 0,
      "25": 0,
      "26": 0,
      "27": 0,
      "28": 0,
      "29": 0,
      "30": 0,
      "31": 0,
      "32": 0,
      "33": 0,
      "34": 0,
      "35": 0,
      "36": 5,
      "37": 14,
      "38": 14,
      "39": 14,
      "40": 14,
      "41": 0,
      "42": 0,
      "43": 14,
      "44": 14,
      "45": 10,
      "46": 10,
      "47": 14,
      "48": 4,
      "49": 0,
      "50": 5,
      "51": 0,
      "52": 0,
      "53": 5,
      "54": 0,
      "55": 0,
      "56": 0,
      "57": 0,
      "58": 0,
      "59": 0,
      "60": 0,
      "61": 0,
      "62": 0,
      "63": 0,
      "64": 0,
      "65": 5,
      "66": 0,
      "67": 0,
      "68": 0,
      "69": 0,
      "70": 5,
      "71": 0,
      "72": 0,
      "73": 0,
      "74": 0,
      "75": 0,
      "76": 0,
      "77": 0,
      "78": 0,
      "79": 0,
      "80": 0,
      "81": 0,
      "82": 0,
      "83": 5,
      "84": 0,
      "85": 0,
      "86": 0,
      "87": 0,
      "88": 0,
      "89": 0,
      "90": 0,
      "91": 0,
      "92": 0,
      "93": 0,
      "94": 0,
      "95": 0,
      "96": 0,
      "97": 0,
      "98": 0,
      "99": 0,
      "100": 0
    },
    "f": { "0": 10, "1": 6, "2": 14, "3": 0, "4": 0, "5": 0, "6": 0, "7": 0 },
    "b": {
      "0": [0, 10],
      "1": [0, 0],
      "2": [0, 0],
      "3": [0, 0],
      "4": [0, 0],
      "5": [0, 0],
      "6": [0, 0],
      "7": [0, 14],
      "8": [10, 4],
      "9": [4, 10],
      "10": [0, 0],
      "11": [0, 0],
      "12": [0, 0],
      "13": [0, 0],
      "14": [0, 0],
      "15": [0, 0]
    },
    "_coverageSchema": "1a1c01bbd47fc00a2c39e90264f33305004495a9",
    "hash": "4d5560a52198f13b72d0c7432fcb94bdf50ddffa"
  },
  "D:\\wd\\Wd_Capostone\\controllers\\answerControler.js": {
    "path": "D:\\wd\\Wd_Capostone\\controllers\\answerControler.js",
    "statementMap": {
      "0": {
        "start": { "line": 1, "column": 46 },
        "end": { "line": 1, "column": 66 }
      },
      "1": {
        "start": { "line": 2, "column": 17 },
        "end": { "line": 2, "column": 45 }
      },
      "2": {
        "start": { "line": 5, "column": 0 },
        "end": { "line": 42, "column": 2 }
      },
      "3": {
        "start": { "line": 8, "column": 34 },
        "end": { "line": 8, "column": 42 }
      },
      "4": {
        "start": { "line": 10, "column": 2 },
        "end": { "line": 41, "column": 3 }
      },
      "5": {
        "start": { "line": 11, "column": 20 },
        "end": { "line": 11, "column": 28 }
      },
      "6": {
        "start": { "line": 12, "column": 19 },
        "end": { "line": 16, "column": 6 }
      },
      "7": {
        "start": { "line": 17, "column": 4 },
        "end": { "line": 22, "column": 5 }
      },
      "8": {
        "start": { "line": 18, "column": 6 },
        "end": { "line": 21, "column": 9 }
      },
      "9": {
        "start": { "line": 24, "column": 4 },
        "end": { "line": 24, "column": 52 }
      },
      "10": {
        "start": { "line": 26, "column": 4 },
        "end": { "line": 26, "column": 31 }
      },
      "11": {
        "start": { "line": 28, "column": 4 },
        "end": { "line": 39, "column": 5 }
      },
      "12": {
        "start": { "line": 29, "column": 6 },
        "end": { "line": 38, "column": 7 }
      },
      "13": {
        "start": { "line": 30, "column": 8 },
        "end": { "line": 30, "column": 47 }
      },
      "14": {
        "start": { "line": 32, "column": 8 },
        "end": { "line": 37, "column": 9 }
      },
      "15": {
        "start": { "line": 33, "column": 10 },
        "end": { "line": 36, "column": 12 }
      },
      "16": {
        "start": { "line": 40, "column": 4 },
        "end": { "line": 40, "column": 45 }
      },
      "17": {
        "start": { "line": 45, "column": 0 },
        "end": { "line": 58, "column": 2 }
      },
      "18": {
        "start": { "line": 46, "column": 25 },
        "end": { "line": 46, "column": 33 }
      },
      "19": {
        "start": { "line": 47, "column": 18 },
        "end": { "line": 47, "column": 29 }
      },
      "20": {
        "start": { "line": 48, "column": 2 },
        "end": { "line": 57, "column": 3 }
      },
      "21": {
        "start": { "line": 49, "column": 20 },
        "end": { "line": 49, "column": 68 }
      },
      "22": {
        "start": { "line": 50, "column": 4 },
        "end": { "line": 52, "column": 5 }
      },
      "23": {
        "start": { "line": 51, "column": 6 },
        "end": { "line": 51, "column": 57 }
      },
      "24": {
        "start": { "line": 53, "column": 4 },
        "end": { "line": 53, "column": 19 }
      },
      "25": {
        "start": { "line": 55, "column": 4 },
        "end": { "line": 55, "column": 31 }
      },
      "26": {
        "start": { "line": 56, "column": 4 },
        "end": { "line": 56, "column": 69 }
      },
      "27": {
        "start": { "line": 61, "column": 0 },
        "end": { "line": 71, "column": 2 }
      },
      "28": {
        "start": { "line": 62, "column": 23 },
        "end": { "line": 62, "column": 35 }
      },
      "29": {
        "start": { "line": 63, "column": 16 },
        "end": { "line": 63, "column": 57 }
      },
      "30": {
        "start": { "line": 64, "column": 20 },
        "end": { "line": 64, "column": 61 }
      },
      "31": {
        "start": { "line": 65, "column": 2 },
        "end": { "line": 70, "column": 5 }
      },
      "32": {
        "start": { "line": 74, "column": 0 },
        "end": { "line": 85, "column": 2 }
      },
      "33": {
        "start": { "line": 75, "column": 13 },
        "end": { "line": 75, "column": 26 }
      },
      "34": {
        "start": { "line": 76, "column": 18 },
        "end": { "line": 76, "column": 26 }
      },
      "35": {
        "start": { "line": 77, "column": 2 },
        "end": { "line": 84, "column": 3 }
      },
      "36": {
        "start": { "line": 78, "column": 4 },
        "end": { "line": 78, "column": 43 }
      },
      "37": {
        "start": { "line": 79, "column": 4 },
        "end": { "line": 79, "column": 26 }
      },
      "38": {
        "start": { "line": 81, "column": 4 },
        "end": { "line": 81, "column": 31 }
      },
      "39": {
        "start": { "line": 82, "column": 4 },
        "end": { "line": 82, "column": 52 }
      },
      "40": {
        "start": { "line": 83, "column": 4 },
        "end": { "line": 83, "column": 25 }
      },
      "41": {
        "start": { "line": 87, "column": 0 },
        "end": { "line": 103, "column": 2 }
      },
      "42": {
        "start": { "line": 88, "column": 22 },
        "end": { "line": 88, "column": 30 }
      },
      "43": {
        "start": { "line": 89, "column": 13 },
        "end": { "line": 89, "column": 26 }
      },
      "44": {
        "start": { "line": 90, "column": 2 },
        "end": { "line": 102, "column": 3 }
      },
      "45": {
        "start": { "line": 91, "column": 19 },
        "end": { "line": 91, "column": 44 }
      },
      "46": {
        "start": { "line": 92, "column": 4 },
        "end": { "line": 94, "column": 5 }
      },
      "47": {
        "start": { "line": 93, "column": 6 },
        "end": { "line": 93, "column": 69 }
      },
      "48": {
        "start": { "line": 95, "column": 26 },
        "end": { "line": 97, "column": 6 }
      },
      "49": {
        "start": { "line": 98, "column": 4 },
        "end": { "line": 98, "column": 28 }
      },
      "50": {
        "start": { "line": 100, "column": 4 },
        "end": { "line": 100, "column": 31 }
      },
      "51": {
        "start": { "line": 101, "column": 4 },
        "end": { "line": 101, "column": 28 }
      },
      "52": {
        "start": { "line": 105, "column": 0 },
        "end": { "line": 125, "column": 2 }
      },
      "53": {
        "start": { "line": 106, "column": 13 },
        "end": { "line": 106, "column": 30 }
      },
      "54": {
        "start": { "line": 107, "column": 23 },
        "end": { "line": 107, "column": 35 }
      },
      "55": {
        "start": { "line": 108, "column": 16 },
        "end": { "line": 108, "column": 57 }
      },
      "56": {
        "start": { "line": 109, "column": 17 },
        "end": { "line": 109, "column": 42 }
      },
      "57": {
        "start": { "line": 110, "column": 2 },
        "end": { "line": 112, "column": 3 }
      },
      "58": {
        "start": { "line": 111, "column": 4 },
        "end": { "line": 111, "column": 67 }
      },
      "59": {
        "start": { "line": 113, "column": 19 },
        "end": { "line": 113, "column": 78 }
      },
      "60": {
        "start": { "line": 115, "column": 2 },
        "end": { "line": 121, "column": 5 }
      },
      "61": {
        "start": { "line": 122, "column": 2 },
        "end": { "line": 124, "column": 5 }
      }
    },
    "fnMap": {
      "0": {
        "name": "(anonymous_0)",
        "decl": {
          "start": { "line": 5, "column": 23 },
          "end": { "line": 5, "column": 24 }
        },
        "loc": {
          "start": { "line": 5, "column": 43 },
          "end": { "line": 42, "column": 1 }
        },
        "line": 5
      },
      "1": {
        "name": "(anonymous_1)",
        "decl": {
          "start": { "line": 45, "column": 24 },
          "end": { "line": 45, "column": 25 }
        },
        "loc": {
          "start": { "line": 45, "column": 50 },
          "end": { "line": 58, "column": 1 }
        },
        "line": 45
      },
      "2": {
        "name": "(anonymous_2)",
        "decl": {
          "start": { "line": 61, "column": 28 },
          "end": { "line": 61, "column": 29 }
        },
        "loc": {
          "start": { "line": 61, "column": 57 },
          "end": { "line": 71, "column": 1 }
        },
        "line": 61
      },
      "3": {
        "name": "(anonymous_3)",
        "decl": {
          "start": { "line": 74, "column": 23 },
          "end": { "line": 74, "column": 24 }
        },
        "loc": {
          "start": { "line": 74, "column": 43 },
          "end": { "line": 85, "column": 1 }
        },
        "line": 74
      },
      "4": {
        "name": "(anonymous_4)",
        "decl": {
          "start": { "line": 87, "column": 23 },
          "end": { "line": 87, "column": 24 }
        },
        "loc": {
          "start": { "line": 87, "column": 49 },
          "end": { "line": 103, "column": 1 }
        },
        "line": 87
      },
      "5": {
        "name": "(anonymous_5)",
        "decl": {
          "start": { "line": 105, "column": 30 },
          "end": { "line": 105, "column": 31 }
        },
        "loc": {
          "start": { "line": 105, "column": 65 },
          "end": { "line": 125, "column": 1 }
        },
        "line": 105
      }
    },
    "branchMap": {
      "0": {
        "loc": {
          "start": { "line": 17, "column": 4 },
          "end": { "line": 22, "column": 5 }
        },
        "type": "if",
        "locations": [
          {
            "start": { "line": 17, "column": 4 },
            "end": { "line": 22, "column": 5 }
          },
          { "start": {}, "end": {} }
        ],
        "line": 17
      },
      "1": {
        "loc": {
          "start": { "line": 28, "column": 4 },
          "end": { "line": 39, "column": 5 }
        },
        "type": "if",
        "locations": [
          {
            "start": { "line": 28, "column": 4 },
            "end": { "line": 39, "column": 5 }
          },
          { "start": {}, "end": {} }
        ],
        "line": 28
      },
      "2": {
        "loc": {
          "start": { "line": 32, "column": 8 },
          "end": { "line": 37, "column": 9 }
        },
        "type": "if",
        "locations": [
          {
            "start": { "line": 32, "column": 8 },
            "end": { "line": 37, "column": 9 }
          },
          { "start": {}, "end": {} }
        ],
        "line": 32
      },
      "3": {
        "loc": {
          "start": { "line": 50, "column": 4 },
          "end": { "line": 52, "column": 5 }
        },
        "type": "if",
        "locations": [
          {
            "start": { "line": 50, "column": 4 },
            "end": { "line": 52, "column": 5 }
          },
          { "start": {}, "end": {} }
        ],
        "line": 50
      },
      "4": {
        "loc": {
          "start": { "line": 92, "column": 4 },
          "end": { "line": 94, "column": 5 }
        },
        "type": "if",
        "locations": [
          {
            "start": { "line": 92, "column": 4 },
            "end": { "line": 94, "column": 5 }
          },
          { "start": {}, "end": {} }
        ],
        "line": 92
      },
      "5": {
        "loc": {
          "start": { "line": 110, "column": 2 },
          "end": { "line": 112, "column": 3 }
        },
        "type": "if",
        "locations": [
          {
            "start": { "line": 110, "column": 2 },
            "end": { "line": 112, "column": 3 }
          },
          { "start": {}, "end": {} }
        ],
        "line": 110
      }
    },
    "s": {
      "0": 5,
      "1": 5,
      "2": 5,
      "3": 5,
      "4": 5,
      "5": 5,
      "6": 5,
      "7": 5,
      "8": 0,
      "9": 5,
      "10": 0,
      "11": 0,
      "12": 0,
      "13": 0,
      "14": 0,
      "15": 0,
      "16": 0,
      "17": 5,
      "18": 0,
      "19": 0,
      "20": 0,
      "21": 0,
      "22": 0,
      "23": 0,
      "24": 0,
      "25": 0,
      "26": 0,
      "27": 5,
      "28": 0,
      "29": 0,
      "30": 0,
      "31": 0,
      "32": 5,
      "33": 1,
      "34": 1,
      "35": 1,
      "36": 1,
      "37": 1,
      "38": 0,
      "39": 0,
      "40": 0,
      "41": 5,
      "42": 1,
      "43": 1,
      "44": 1,
      "45": 1,
      "46": 1,
      "47": 0,
      "48": 1,
      "49": 1,
      "50": 0,
      "51": 0,
      "52": 5,
      "53": 1,
      "54": 1,
      "55": 1,
      "56": 1,
      "57": 1,
      "58": 0,
      "59": 1,
      "60": 1,
      "61": 1
    },
    "f": { "0": 5, "1": 0, "2": 0, "3": 1, "4": 1, "5": 1 },
    "b": {
      "0": [0, 5],
      "1": [0, 0],
      "2": [0, 0],
      "3": [0, 0],
      "4": [0, 1],
      "5": [0, 1]
    },
    "_coverageSchema": "1a1c01bbd47fc00a2c39e90264f33305004495a9",
    "hash": "6006bb49c7edec6b980f6d504e526598cf2931e9"
  },
  "D:\\wd\\Wd_Capostone\\controllers\\electionsController.js": {
    "path": "D:\\wd\\Wd_Capostone\\controllers\\electionsController.js",
    "statementMap": {
      "0": {
        "start": { "line": 8, "column": 4 },
        "end": { "line": 8, "column": 24 }
      },
      "1": {
        "start": { "line": 9, "column": 33 },
        "end": { "line": 9, "column": 52 }
      },
      "2": {
        "start": { "line": 10, "column": 17 },
        "end": { "line": 10, "column": 45 }
      },
      "3": {
        "start": { "line": 13, "column": 0 },
        "end": { "line": 29, "column": 2 }
      },
      "4": {
        "start": { "line": 14, "column": 23 },
        "end": { "line": 14, "column": 31 }
      },
      "5": {
        "start": { "line": 15, "column": 21 },
        "end": { "line": 15, "column": 62 }
      },
      "6": {
        "start": { "line": 16, "column": 2 },
        "end": { "line": 18, "column": 3 }
      },
      "7": {
        "start": { "line": 17, "column": 4 },
        "end": { "line": 17, "column": 71 }
      },
      "8": {
        "start": { "line": 19, "column": 2 },
        "end": { "line": 28, "column": 3 }
      },
      "9": {
        "start": { "line": 20, "column": 4 },
        "end": { "line": 23, "column": 7 }
      },
      "10": {
        "start": { "line": 25, "column": 4 },
        "end": { "line": 27, "column": 7 }
      },
      "11": {
        "start": { "line": 32, "column": 0 },
        "end": { "line": 70, "column": 2 }
      },
      "12": {
        "start": { "line": 33, "column": 2 },
        "end": { "line": 69, "column": 3 }
      },
      "13": {
        "start": { "line": 34, "column": 27 },
        "end": { "line": 34, "column": 35 }
      },
      "14": {
        "start": { "line": 35, "column": 20 },
        "end": { "line": 35, "column": 28 }
      },
      "15": {
        "start": { "line": 36, "column": 25 },
        "end": { "line": 36, "column": 48 }
      },
      "16": {
        "start": { "line": 38, "column": 21 },
        "end": { "line": 43, "column": 6 }
      },
      "17": {
        "start": { "line": 44, "column": 4 },
        "end": { "line": 46, "column": 5 }
      },
      "18": {
        "start": { "line": 45, "column": 6 },
        "end": { "line": 45, "column": 66 }
      },
      "19": {
        "start": { "line": 47, "column": 4 },
        "end": { "line": 47, "column": 53 }
      },
      "20": {
        "start": { "line": 49, "column": 4 },
        "end": { "line": 49, "column": 31 }
      },
      "21": {
        "start": { "line": 50, "column": 4 },
        "end": { "line": 67, "column": 5 }
      },
      "22": {
        "start": { "line": 51, "column": 6 },
        "end": { "line": 66, "column": 7 }
      },
      "23": {
        "start": { "line": 52, "column": 8 },
        "end": { "line": 56, "column": 9 }
      },
      "24": {
        "start": { "line": 55, "column": 10 },
        "end": { "line": 55, "column": 53 }
      },
      "25": {
        "start": { "line": 57, "column": 8 },
        "end": { "line": 59, "column": 9 }
      },
      "26": {
        "start": { "line": 58, "column": 10 },
        "end": { "line": 58, "column": 61 }
      },
      "27": {
        "start": { "line": 60, "column": 8 },
        "end": { "line": 65, "column": 9 }
      },
      "28": {
        "start": { "line": 64, "column": 10 },
        "end": { "line": 64, "column": 73 }
      },
      "29": {
        "start": { "line": 68, "column": 4 },
        "end": { "line": 68, "column": 51 }
      },
      "30": {
        "start": { "line": 73, "column": 0 },
        "end": { "line": 146, "column": 2 }
      },
      "31": {
        "start": { "line": 74, "column": 21 },
        "end": { "line": 74, "column": 34 }
      },
      "32": {
        "start": { "line": 75, "column": 18 },
        "end": { "line": 75, "column": 26 }
      },
      "33": {
        "start": { "line": 76, "column": 28 },
        "end": { "line": 76, "column": 30 }
      },
      "34": {
        "start": { "line": 77, "column": 14 },
        "end": { "line": 77, "column": 19 }
      },
      "35": {
        "start": { "line": 79, "column": 2 },
        "end": { "line": 145, "column": 3 }
      },
      "36": {
        "start": { "line": 80, "column": 21 },
        "end": { "line": 82, "column": 6 }
      },
      "37": {
        "start": { "line": 83, "column": 4 },
        "end": { "line": 85, "column": 5 }
      },
      "38": {
        "start": { "line": 84, "column": 6 },
        "end": { "line": 84, "column": 71 }
      },
      "39": {
        "start": { "line": 88, "column": 22 },
        "end": { "line": 88, "column": 70 }
      },
      "40": {
        "start": { "line": 89, "column": 4 },
        "end": { "line": 96, "column": 5 }
      },
      "41": {
        "start": { "line": 90, "column": 6 },
        "end": { "line": 95, "column": 8 }
      },
      "42": {
        "start": { "line": 98, "column": 4 },
        "end": { "line": 110, "column": 5 }
      },
      "43": {
        "start": { "line": 99, "column": 6 },
        "end": { "line": 109, "column": 8 }
      },
      "44": {
        "start": { "line": 112, "column": 4 },
        "end": { "line": 116, "column": 5 }
      },
      "45": {
        "start": { "line": 112, "column": 17 },
        "end": { "line": 112, "column": 18 }
      },
      "46": {
        "start": { "line": 113, "column": 6 },
        "end": { "line": 115, "column": 7 }
      },
      "47": {
        "start": { "line": 114, "column": 8 },
        "end": { "line": 114, "column": 21 }
      },
      "48": {
        "start": { "line": 118, "column": 4 },
        "end": { "line": 128, "column": 5 }
      },
      "49": {
        "start": { "line": 119, "column": 6 },
        "end": { "line": 121, "column": 8 }
      },
      "50": {
        "start": { "line": 122, "column": 6 },
        "end": { "line": 127, "column": 8 }
      },
      "51": {
        "start": { "line": 129, "column": 28 },
        "end": { "line": 129, "column": 75 }
      },
      "52": {
        "start": { "line": 131, "column": 4 },
        "end": { "line": 139, "column": 5 }
      },
      "53": {
        "start": { "line": 132, "column": 6 },
        "end": { "line": 132, "column": 27 }
      },
      "54": {
        "start": { "line": 133, "column": 6 },
        "end": { "line": 138, "column": 8 }
      },
      "55": {
        "start": { "line": 140, "column": 4 },
        "end": { "line": 140, "column": 37 }
      },
      "56": {
        "start": { "line": 143, "column": 4 },
        "end": { "line": 143, "column": 31 }
      },
      "57": {
        "start": { "line": 144, "column": 4 },
        "end": { "line": 144, "column": 16 }
      },
      "58": {
        "start": { "line": 148, "column": 0 },
        "end": { "line": 166, "column": 2 }
      },
      "59": {
        "start": { "line": 149, "column": 21 },
        "end": { "line": 149, "column": 34 }
      },
      "60": {
        "start": { "line": 150, "column": 18 },
        "end": { "line": 150, "column": 26 }
      },
      "61": {
        "start": { "line": 151, "column": 2 },
        "end": { "line": 165, "column": 3 }
      },
      "62": {
        "start": { "line": 152, "column": 21 },
        "end": { "line": 154, "column": 6 }
      },
      "63": {
        "start": { "line": 155, "column": 4 },
        "end": { "line": 157, "column": 5 }
      },
      "64": {
        "start": { "line": 156, "column": 6 },
        "end": { "line": 156, "column": 71 }
      },
      "65": {
        "start": { "line": 158, "column": 4 },
        "end": { "line": 158, "column": 26 }
      },
      "66": {
        "start": { "line": 159, "column": 28 },
        "end": { "line": 159, "column": 72 }
      },
      "67": {
        "start": { "line": 160, "column": 4 },
        "end": { "line": 160, "column": 33 }
      },
      "68": {
        "start": { "line": 162, "column": 4 },
        "end": { "line": 162, "column": 37 }
      },
      "69": {
        "start": { "line": 164, "column": 4 },
        "end": { "line": 164, "column": 31 }
      },
      "70": {
        "start": { "line": 169, "column": 0 },
        "end": { "line": 179, "column": 2 }
      },
      "71": {
        "start": { "line": 170, "column": 21 },
        "end": { "line": 170, "column": 34 }
      },
      "72": {
        "start": { "line": 171, "column": 18 },
        "end": { "line": 171, "column": 26 }
      },
      "73": {
        "start": { "line": 172, "column": 2 },
        "end": { "line": 178, "column": 3 }
      },
      "74": {
        "start": { "line": 173, "column": 4 },
        "end": { "line": 173, "column": 55 }
      },
      "75": {
        "start": { "line": 174, "column": 4 },
        "end": { "line": 174, "column": 26 }
      },
      "76": {
        "start": { "line": 176, "column": 4 },
        "end": { "line": 176, "column": 31 }
      },
      "77": {
        "start": { "line": 177, "column": 4 },
        "end": { "line": 177, "column": 52 }
      },
      "78": {
        "start": { "line": 182, "column": 0 },
        "end": { "line": 199, "column": 2 }
      },
      "79": {
        "start": { "line": 183, "column": 20 },
        "end": { "line": 183, "column": 28 }
      },
      "80": {
        "start": { "line": 184, "column": 13 },
        "end": { "line": 184, "column": 26 }
      },
      "81": {
        "start": { "line": 185, "column": 2 },
        "end": { "line": 198, "column": 3 }
      },
      "82": {
        "start": { "line": 186, "column": 21 },
        "end": { "line": 186, "column": 48 }
      },
      "83": {
        "start": { "line": 187, "column": 4 },
        "end": { "line": 189, "column": 5 }
      },
      "84": {
        "start": { "line": 188, "column": 6 },
        "end": { "line": 188, "column": 71 }
      },
      "85": {
        "start": { "line": 190, "column": 28 },
        "end": { "line": 192, "column": 6 }
      },
      "86": {
        "start": { "line": 194, "column": 4 },
        "end": { "line": 194, "column": 30 }
      },
      "87": {
        "start": { "line": 196, "column": 4 },
        "end": { "line": 196, "column": 31 }
      },
      "88": {
        "start": { "line": 197, "column": 4 },
        "end": { "line": 197, "column": 28 }
      },
      "89": {
        "start": { "line": 202, "column": 0 },
        "end": { "line": 221, "column": 2 }
      },
      "90": {
        "start": { "line": 203, "column": 23 },
        "end": { "line": 203, "column": 35 }
      },
      "91": {
        "start": { "line": 204, "column": 16 },
        "end": { "line": 204, "column": 57 }
      },
      "92": {
        "start": { "line": 205, "column": 20 },
        "end": { "line": 205, "column": 61 }
      },
      "93": {
        "start": { "line": 207, "column": 2 },
        "end": { "line": 220, "column": 3 }
      },
      "94": {
        "start": { "line": 208, "column": 4 },
        "end": { "line": 213, "column": 7 }
      },
      "95": {
        "start": { "line": 215, "column": 4 },
        "end": { "line": 219, "column": 7 }
      },
      "96": {
        "start": { "line": 224, "column": 0 },
        "end": { "line": 236, "column": 2 }
      },
      "97": {
        "start": { "line": 225, "column": 23 },
        "end": { "line": 225, "column": 35 }
      },
      "98": {
        "start": { "line": 226, "column": 16 },
        "end": { "line": 226, "column": 57 }
      },
      "99": {
        "start": { "line": 227, "column": 2 },
        "end": { "line": 235, "column": 3 }
      },
      "100": {
        "start": { "line": 228, "column": 4 },
        "end": { "line": 232, "column": 7 }
      },
      "101": {
        "start": { "line": 234, "column": 4 },
        "end": { "line": 234, "column": 75 }
      },
      "102": {
        "start": { "line": 239, "column": 0 },
        "end": { "line": 295, "column": 2 }
      },
      "103": {
        "start": { "line": 240, "column": 23 },
        "end": { "line": 240, "column": 35 }
      },
      "104": {
        "start": { "line": 241, "column": 13 },
        "end": { "line": 241, "column": 30 }
      },
      "105": {
        "start": { "line": 242, "column": 16 },
        "end": { "line": 242, "column": 57 }
      },
      "106": {
        "start": { "line": 243, "column": 19 },
        "end": { "line": 243, "column": 70 }
      },
      "107": {
        "start": { "line": 244, "column": 2 },
        "end": { "line": 246, "column": 3 }
      },
      "108": {
        "start": { "line": 245, "column": 4 },
        "end": { "line": 245, "column": 69 }
      },
      "109": {
        "start": { "line": 247, "column": 20 },
        "end": { "line": 247, "column": 65 }
      },
      "110": {
        "start": { "line": 248, "column": 21 },
        "end": { "line": 248, "column": 32 }
      },
      "111": {
        "start": { "line": 249, "column": 16 },
        "end": { "line": 249, "column": 34 }
      },
      "112": {
        "start": { "line": 250, "column": 17 },
        "end": { "line": 250, "column": 50 }
      },
      "113": {
        "start": { "line": 251, "column": 20 },
        "end": { "line": 251, "column": 25 }
      },
      "114": {
        "start": { "line": 252, "column": 28 },
        "end": { "line": 252, "column": 30 }
      },
      "115": {
        "start": { "line": 253, "column": 2 },
        "end": { "line": 265, "column": 3 }
      },
      "116": {
        "start": { "line": 254, "column": 4 },
        "end": { "line": 264, "column": 6 }
      },
      "117": {
        "start": { "line": 267, "column": 2 },
        "end": { "line": 271, "column": 3 }
      },
      "118": {
        "start": { "line": 267, "column": 15 },
        "end": { "line": 267, "column": 16 }
      },
      "119": {
        "start": { "line": 268, "column": 4 },
        "end": { "line": 270, "column": 5 }
      },
      "120": {
        "start": { "line": 269, "column": 6 },
        "end": { "line": 269, "column": 25 }
      },
      "121": {
        "start": { "line": 272, "column": 2 },
        "end": { "line": 272, "column": 32 }
      },
      "122": {
        "start": { "line": 273, "column": 2 },
        "end": { "line": 294, "column": 3 }
      },
      "123": {
        "start": { "line": 274, "column": 4 },
        "end": { "line": 283, "column": 7 }
      },
      "124": {
        "start": { "line": 285, "column": 4 },
        "end": { "line": 293, "column": 7 }
      },
      "125": {
        "start": { "line": 298, "column": 0 },
        "end": { "line": 325, "column": 2 }
      },
      "126": {
        "start": { "line": 299, "column": 23 },
        "end": { "line": 299, "column": 35 }
      },
      "127": {
        "start": { "line": 300, "column": 13 },
        "end": { "line": 300, "column": 30 }
      },
      "128": {
        "start": { "line": 302, "column": 19 },
        "end": { "line": 302, "column": 70 }
      },
      "129": {
        "start": { "line": 303, "column": 2 },
        "end": { "line": 305, "column": 3 }
      },
      "130": {
        "start": { "line": 304, "column": 4 },
        "end": { "line": 304, "column": 74 }
      },
      "131": {
        "start": { "line": 306, "column": 16 },
        "end": { "line": 306, "column": 57 }
      },
      "132": {
        "start": { "line": 307, "column": 20 },
        "end": { "line": 307, "column": 65 }
      },
      "133": {
        "start": { "line": 309, "column": 2 },
        "end": { "line": 324, "column": 3 }
      },
      "134": {
        "start": { "line": 310, "column": 4 },
        "end": { "line": 316, "column": 7 }
      },
      "135": {
        "start": { "line": 318, "column": 4 },
        "end": { "line": 323, "column": 7 }
      },
      "136": {
        "start": { "line": 328, "column": 0 },
        "end": { "line": 339, "column": 2 }
      },
      "137": {
        "start": { "line": 329, "column": 13 },
        "end": { "line": 329, "column": 30 }
      },
      "138": {
        "start": { "line": 330, "column": 23 },
        "end": { "line": 330, "column": 35 }
      },
      "139": {
        "start": { "line": 331, "column": 16 },
        "end": { "line": 331, "column": 57 }
      },
      "140": {
        "start": { "line": 332, "column": 19 },
        "end": { "line": 332, "column": 70 }
      },
      "141": {
        "start": { "line": 333, "column": 2 },
        "end": { "line": 338, "column": 5 }
      },
      "142": {
        "start": { "line": 341, "column": 0 },
        "end": { "line": 363, "column": 2 }
      },
      "143": {
        "start": { "line": 342, "column": 13 },
        "end": { "line": 342, "column": 30 }
      },
      "144": {
        "start": { "line": 343, "column": 23 },
        "end": { "line": 343, "column": 35 }
      },
      "145": {
        "start": { "line": 344, "column": 16 },
        "end": { "line": 344, "column": 57 }
      },
      "146": {
        "start": { "line": 345, "column": 19 },
        "end": { "line": 345, "column": 70 }
      },
      "147": {
        "start": { "line": 346, "column": 2 },
        "end": { "line": 348, "column": 3 }
      },
      "148": {
        "start": { "line": 347, "column": 4 },
        "end": { "line": 347, "column": 69 }
      },
      "149": {
        "start": { "line": 350, "column": 2 },
        "end": { "line": 362, "column": 3 }
      },
      "150": {
        "start": { "line": 351, "column": 4 },
        "end": { "line": 356, "column": 7 }
      },
      "151": {
        "start": { "line": 358, "column": 4 },
        "end": { "line": 361, "column": 7 }
      },
      "152": {
        "start": { "line": 366, "column": 0 },
        "end": { "line": 446, "column": 2 }
      },
      "153": {
        "start": { "line": 367, "column": 23 },
        "end": { "line": 367, "column": 31 }
      },
      "154": {
        "start": { "line": 369, "column": 28 },
        "end": { "line": 369, "column": 30 }
      },
      "155": {
        "start": { "line": 370, "column": 24 },
        "end": { "line": 370, "column": 26 }
      },
      "156": {
        "start": { "line": 372, "column": 19 },
        "end": { "line": 372, "column": 72 }
      },
      "157": {
        "start": { "line": 373, "column": 20 },
        "end": { "line": 375, "column": 4 }
      },
      "158": {
        "start": { "line": 378, "column": 2 },
        "end": { "line": 390, "column": 3 }
      },
      "159": {
        "start": { "line": 379, "column": 4 },
        "end": { "line": 389, "column": 6 }
      },
      "160": {
        "start": { "line": 393, "column": 2 },
        "end": { "line": 398, "column": 3 }
      },
      "161": {
        "start": { "line": 393, "column": 15 },
        "end": { "line": 393, "column": 16 }
      },
      "162": {
        "start": { "line": 394, "column": 4 },
        "end": { "line": 397, "column": 5 }
      },
      "163": {
        "start": { "line": 394, "column": 17 },
        "end": { "line": 394, "column": 18 }
      },
      "164": {
        "start": { "line": 395, "column": 23 },
        "end": { "line": 395, "column": 48 }
      },
      "165": {
        "start": { "line": 396, "column": 6 },
        "end": { "line": 396, "column": 39 }
      },
      "166": {
        "start": { "line": 401, "column": 24 },
        "end": { "line": 401, "column": 55 }
      },
      "167": {
        "start": { "line": 402, "column": 19 },
        "end": { "line": 402, "column": 46 }
      },
      "168": {
        "start": { "line": 405, "column": 28 },
        "end": { "line": 416, "column": 8 }
      },
      "169": {
        "start": { "line": 406, "column": 23 },
        "end": { "line": 406, "column": 44 }
      },
      "170": {
        "start": { "line": 407, "column": 21 },
        "end": { "line": 407, "column": 75 }
      },
      "171": {
        "start": { "line": 407, "column": 52 },
        "end": { "line": 407, "column": 74 }
      },
      "172": {
        "start": { "line": 409, "column": 50 },
        "end": { "line": 409, "column": 57 }
      },
      "173": {
        "start": { "line": 410, "column": 4 },
        "end": { "line": 414, "column": 5 }
      },
      "174": {
        "start": { "line": 411, "column": 6 },
        "end": { "line": 411, "column": 48 }
      },
      "175": {
        "start": { "line": 413, "column": 6 },
        "end": { "line": 413, "column": 66 }
      },
      "176": {
        "start": { "line": 415, "column": 4 },
        "end": { "line": 415, "column": 22 }
      },
      "177": {
        "start": { "line": 417, "column": 23 },
        "end": { "line": 417, "column": 54 }
      },
      "178": {
        "start": { "line": 419, "column": 21 },
        "end": { "line": 422, "column": 4 }
      },
      "179": {
        "start": { "line": 425, "column": 2 },
        "end": { "line": 445, "column": 3 }
      },
      "180": {
        "start": { "line": 426, "column": 4 },
        "end": { "line": 435, "column": 7 }
      },
      "181": {
        "start": { "line": 437, "column": 4 },
        "end": { "line": 444, "column": 7 }
      },
      "182": {
        "start": { "line": 448, "column": 0 },
        "end": { "line": 478, "column": 2 }
      },
      "183": {
        "start": { "line": 449, "column": 21 },
        "end": { "line": 449, "column": 34 }
      },
      "184": {
        "start": { "line": 452, "column": 23 },
        "end": { "line": 452, "column": 53 }
      },
      "185": {
        "start": { "line": 454, "column": 16 },
        "end": { "line": 454, "column": 24 }
      },
      "186": {
        "start": { "line": 455, "column": 19 },
        "end": { "line": 455, "column": 71 }
      },
      "187": {
        "start": { "line": 456, "column": 2 },
        "end": { "line": 458, "column": 3 }
      },
      "188": {
        "start": { "line": 457, "column": 4 },
        "end": { "line": 457, "column": 74 }
      },
      "189": {
        "start": { "line": 459, "column": 20 },
        "end": { "line": 459, "column": 66 }
      },
      "190": {
        "start": { "line": 460, "column": 21 },
        "end": { "line": 463, "column": 4 }
      },
      "191": {
        "start": { "line": 464, "column": 2 },
        "end": { "line": 464, "column": 30 }
      },
      "192": {
        "start": { "line": 465, "column": 2 },
        "end": { "line": 477, "column": 3 }
      },
      "193": {
        "start": { "line": 466, "column": 4 },
        "end": { "line": 474, "column": 7 }
      },
      "194": {
        "start": { "line": 476, "column": 4 },
        "end": { "line": 476, "column": 27 }
      },
      "195": {
        "start": { "line": 479, "column": 0 },
        "end": { "line": 511, "column": 2 }
      },
      "196": {
        "start": { "line": 482, "column": 68 },
        "end": { "line": 482, "column": 76 }
      },
      "197": {
        "start": { "line": 483, "column": 19 },
        "end": { "line": 483, "column": 31 }
      },
      "198": {
        "start": { "line": 484, "column": 16 },
        "end": { "line": 484, "column": 49 }
      },
      "199": {
        "start": { "line": 487, "column": 2 },
        "end": { "line": 489, "column": 3 }
      },
      "200": {
        "start": { "line": 488, "column": 4 },
        "end": { "line": 488, "column": 46 }
      },
      "201": {
        "start": { "line": 491, "column": 2 },
        "end": { "line": 506, "column": 4 }
      },
      "202": {
        "start": { "line": 493, "column": 6 },
        "end": { "line": 498, "column": 7 }
      },
      "203": {
        "start": { "line": 494, "column": 8 },
        "end": { "line": 494, "column": 29 }
      },
      "204": {
        "start": { "line": 495, "column": 8 },
        "end": { "line": 495, "column": 56 }
      },
      "205": {
        "start": { "line": 496, "column": 8 },
        "end": { "line": 496, "column": 29 }
      },
      "206": {
        "start": { "line": 497, "column": 8 },
        "end": { "line": 497, "column": 15 }
      },
      "207": {
        "start": { "line": 499, "column": 6 },
        "end": { "line": 504, "column": 9 }
      },
      "208": {
        "start": { "line": 508, "column": 2 },
        "end": { "line": 508, "column": 41 }
      },
      "209": {
        "start": { "line": 510, "column": 2 },
        "end": { "line": 510, "column": 23 }
      }
    },
    "fnMap": {
      "0": {
        "name": "(anonymous_0)",
        "decl": {
          "start": { "line": 13, "column": 23 },
          "end": { "line": 13, "column": 24 }
        },
        "loc": {
          "start": { "line": 13, "column": 49 },
          "end": { "line": 29, "column": 1 }
        },
        "line": 13
      },
      "1": {
        "name": "(anonymous_1)",
        "decl": {
          "start": { "line": 32, "column": 25 },
          "end": { "line": 32, "column": 26 }
        },
        "loc": {
          "start": { "line": 32, "column": 51 },
          "end": { "line": 70, "column": 1 }
        },
[...]
        },
        "line": 2
      }
    },
    "branchMap": {
      "0": {
        "loc": {
          "start": { "line": 6, "column": 18 },
          "end": { "line": 6, "column": 68 }
        },
        "type": "cond-expr",
        "locations": [
          {
            "start": { "line": 6, "column": 52 },
            "end": { "line": 6, "column": 58 }
          },
          {
            "start": { "line": 6, "column": 61 },
            "end": { "line": 6, "column": 68 }
          }
        ],
        "line": 6
      }
    },
    "s": { "0": 1, "1": 1, "2": 1, "3": 1, "4": 1, "5": 5 },
    "f": { "0": 1 },
    "b": { "0": [1, 0] },
    "_coverageSchema": "1a1c01bbd47fc00a2c39e90264f33305004495a9",
    "hash": "9e5c4eb56d77fc792c3ca6f2fe52781e69c4a149"
  },
  "D:\\wd\\Wd_Capostone\\utils\\email.js": {
    "path": "D:\\wd\\Wd_Capostone\\utils\\email.js",
    "statementMap": {
      "0": {
        "start": { "line": 1, "column": 19 },
        "end": { "line": 1, "column": 40 }
      },
      "1": {
        "start": { "line": 3, "column": 0 },
        "end": { "line": 58, "column": 2 }
      },
      "2": {
        "start": { "line": 5, "column": 4 },
        "end": { "line": 5, "column": 25 }
      },
      "3": {
        "start": { "line": 6, "column": 4 },
        "end": { "line": 6, "column": 36 }
      },
      "4": {
        "start": { "line": 7, "column": 4 },
        "end": { "line": 7, "column": 19 }
      },
      "5": {
        "start": { "line": 8, "column": 4 },
        "end": { "line": 8, "column": 40 }
      },
      "6": {
        "start": { "line": 12, "column": 4 },
        "end": { "line": 22, "column": 5 }
      },
      "7": {
        "start": { "line": 13, "column": 6 },
        "end": { "line": 21, "column": 9 }
      },
      "8": {
        "start": { "line": 24, "column": 4 },
        "end": { "line": 31, "column": 7 }
      },
      "9": {
        "start": { "line": 37, "column": 24 },
        "end": { "line": 42, "column": 5 }
      },
      "10": {
        "start": { "line": 45, "column": 4 },
        "end": { "line": 45, "column": 52 }
      },
      "11": {
        "start": { "line": 49, "column": 4 },
        "end": { "line": 49, "column": 66 }
      },
      "12": {
        "start": { "line": 53, "column": 4 },
        "end": { "line": 56, "column": 6 }
      }
    },
    "fnMap": {
      "0": {
        "name": "(anonymous_0)",
        "decl": {
          "start": { "line": 4, "column": 2 },
          "end": { "line": 4, "column": 3 }
        },
        "loc": {
          "start": { "line": 4, "column": 25 },
          "end": { "line": 9, "column": 3 }
        },
        "line": 4
      },
      "1": {
        "name": "(anonymous_1)",
        "decl": {
          "start": { "line": 11, "column": 2 },
          "end": { "line": 11, "column": 3 }
        },
        "loc": {
          "start": { "line": 11, "column": 17 },
          "end": { "line": 32, "column": 3 }
        },
        "line": 11
      },
      "2": {
        "name": "(anonymous_2)",
        "decl": {
          "start": { "line": 35, "column": 2 },
          "end": { "line": 35, "column": 3 }
        },
        "loc": {
          "start": { "line": 35, "column": 22 },
          "end": { "line": 46, "column": 3 }
        },
        "line": 35
      },
      "3": {
        "name": "(anonymous_3)",
        "decl": {
          "start": { "line": 48, "column": 2 },
          "end": { "line": 48, "column": 3 }
        },
        "loc": {
          "start": { "line": 48, "column": 22 },
          "end": { "line": 50, "column": 3 }
        },
        "line": 48
      },
      "4": {
        "name": "(anonymous_4)",
        "decl": {
          "start": { "line": 52, "column": 2 },
          "end": { "line": 52, "column": 3 }
        },
        "loc": {
          "start": { "line": 52, "column": 28 },
          "end": { "line": 57, "column": 3 }
        },
        "line": 52
      }
    },
    "branchMap": {
      "0": {
        "loc": {
          "start": { "line": 12, "column": 4 },
          "end": { "line": 22, "column": 5 }
        },
        "type": "if",
        "locations": [
          {
            "start": { "line": 12, "column": 4 },
            "end": { "line": 22, "column": 5 }
          },
          { "start": {}, "end": {} }
        ],
        "line": 12
      }
    },
    "s": {
      "0": 5,
      "1": 5,
      "2": 0,
      "3": 0,
      "4": 0,
      "5": 0,
      "6": 0,
      "7": 0,
      "8": 0,
      "9": 0,
      "10": 0,
      "11": 0,
      "12": 0
    },
    "f": { "0": 0, "1": 0, "2": 0, "3": 0, "4": 0 },
    "b": { "0": [0, 0] },
    "_coverageSchema": "1a1c01bbd47fc00a2c39e90264f33305004495a9",
    "hash": "584d9f4ba0a989e0cc80696f86886559f5bffd8c"
  },
  "D:\\wd\\Wd_Capostone\\utils\\index.js": {
    "path": "D:\\wd\\Wd_Capostone\\utils\\index.js",
    "statementMap": {
      "0": {
        "start": { "line": 1, "column": 15 },
        "end": { "line": 1, "column": 32 }
      },
      "1": {
        "start": { "line": 2, "column": 12 },
        "end": { "line": 2, "column": 35 }
      },
      "2": {
        "start": { "line": 3, "column": 19 },
        "end": { "line": 3, "column": 36 }
      },
      "3": {
        "start": { "line": 4, "column": 37 },
        "end": { "line": 4, "column": 57 }
      },
      "4": {
        "start": { "line": 5, "column": 20 },
        "end": { "line": 5, "column": 40 }
      },
      "5": {
        "start": { "line": 6, "column": 0 },
        "end": { "line": 10, "column": 2 }
      },
      "6": {
        "start": { "line": 7, "column": 15 },
        "end": { "line": 7, "column": 39 }
      },
      "7": {
        "start": { "line": 8, "column": 25 },
        "end": { "line": 8, "column": 63 }
      },
      "8": {
        "start": { "line": 9, "column": 2 },
        "end": { "line": 9, "column": 24 }
      },
      "9": {
        "start": { "line": 12, "column": 0 },
        "end": { "line": 21, "column": 2 }
      },
      "10": {
        "start": { "line": 13, "column": 16 },
        "end": { "line": 19, "column": 3 }
      },
      "11": {
        "start": { "line": 20, "column": 2 },
        "end": { "line": 20, "column": 15 }
      },
      "12": {
        "start": { "line": 23, "column": 0 },
        "end": { "line": 27, "column": 2 }
      },
      "13": {
        "start": { "line": 24, "column": 15 },
        "end": { "line": 24, "column": 48 }
      },
      "14": {
        "start": { "line": 25, "column": 18 },
        "end": { "line": 25, "column": 40 }
      },
      "15": {
        "start": { "line": 26, "column": 2 },
        "end": { "line": 26, "column": 42 }
      },
      "16": {
        "start": { "line": 29, "column": 0 },
        "end": { "line": 34, "column": 2 }
      },
      "17": {
        "start": { "line": 30, "column": 17 },
        "end": { "line": 30, "column": 35 }
      },
      "18": {
        "start": { "line": 31, "column": 15 },
        "end": { "line": 31, "column": 34 }
      },
      "19": {
        "start": { "line": 32, "column": 21 },
        "end": { "line": 32, "column": 44 }
      },
      "20": {
        "start": { "line": 33, "column": 2 },
        "end": { "line": 33, "column": 20 }
      },
      "21": {
        "start": { "line": 36, "column": 0 },
        "end": { "line": 79, "column": 2 }
      },
      "22": {
        "start": { "line": 38, "column": 17 },
        "end": { "line": 68, "column": 4 }
      },
      "23": {
        "start": { "line": 69, "column": 17 },
        "end": { "line": 69, "column": 19 }
      },
      "24": {
        "start": { "line": 70, "column": 16 },
        "end": { "line": 70, "column": 18 }
      },
      "25": {
        "start": { "line": 72, "column": 26 },
        "end": { "line": 72, "column": 48 }
      },
      "26": {
        "start": { "line": 73, "column": 23 },
        "end": { "line": 73, "column": 50 }
      },
      "27": {
        "start": { "line": 74, "column": 2 },
        "end": { "line": 77, "column": 5 }
      },
      "28": {
        "start": { "line": 75, "column": 4 },
        "end": { "line": 75, "column": 40 }
      },
      "29": {
        "start": { "line": 76, "column": 4 },
        "end": { "line": 76, "column": 30 }
      },
      "30": {
        "start": { "line": 78, "column": 2 },
        "end": { "line": 78, "column": 22 }
      }
    },
    "fnMap": {
      "0": {
        "name": "(anonymous_0)",
        "decl": {
          "start": { "line": 6, "column": 33 },
          "end": { "line": 6, "column": 34 }
        },
        "loc": {
          "start": { "line": 6, "column": 58 },
          "end": { "line": 10, "column": 1 }
        },
        "line": 6
      },
      "1": {
        "name": "(anonymous_1)",
        "decl": {
          "start": { "line": 12, "column": 27 },
          "end": { "line": 12, "column": 28 }
        },
        "loc": {
          "start": { "line": 12, "column": 69 },
          "end": { "line": 21, "column": 1 }
        },
        "line": 12
      },
      "2": {
        "name": "(anonymous_2)",
        "decl": {
          "start": { "line": 23, "column": 17 },
          "end": { "line": 23, "column": 18 }
        },
        "loc": {
          "start": { "line": 23, "column": 33 },
          "end": { "line": 27, "column": 1 }
        },
        "line": 23
      },
      "3": {
        "name": "(anonymous_3)",
        "decl": {
          "start": { "line": 29, "column": 17 },
          "end": { "line": 29, "column": 18 }
        },
        "loc": {
          "start": { "line": 29, "column": 27 },
          "end": { "line": 34, "column": 1 }
        },
        "line": 29
      },
      "4": {
        "name": "(anonymous_4)",
        "decl": {
          "start": { "line": 36, "column": 23 },
          "end": { "line": 36, "column": 24 }
        },
        "loc": {
          "start": { "line": 36, "column": 45 },
          "end": { "line": 79, "column": 1 }
        },
        "line": 36
      },
      "5": {
        "name": "(anonymous_5)",
        "decl": {
          "start": { "line": 74, "column": 23 },
          "end": { "line": 74, "column": 24 }
        },
        "loc": {
          "start": { "line": 74, "column": 36 },
          "end": { "line": 77, "column": 3 }
        },
        "line": 74
      }
    },
    "branchMap": {
      "0": {
        "loc": {
          "start": { "line": 12, "column": 46 },
          "end": { "line": 12, "column": 64 }
        },
        "type": "default-arg",
        "locations": [
          {
            "start": { "line": 12, "column": 58 },
            "end": { "line": 12, "column": 64 }
          }
        ],
        "line": 12
      }
    },
    "s": {
      "0": 5,
      "1": 5,
      "2": 5,
      "3": 5,
      "4": 5,
      "5": 5,
      "6": 8,
      "7": 8,
      "8": 8,
      "9": 5,
      "10": 10,
      "11": 10,
      "12": 5,
      "13": 0,
      "14": 0,
      "15": 0,
      "16": 5,
      "17": 1,
      "18": 1,
      "19": 1,
      "20": 1,
      "21": 5,
      "22": 0,
      "23": 0,
      "24": 0,
      "25": 0,
      "26": 0,
      "27": 0,
      "28": 0,
      "29": 0,
      "30": 0
    },
    "f": { "0": 8, "1": 10, "2": 0, "3": 1, "4": 0, "5": 0 },
    "b": { "0": [10] },
    "_coverageSchema": "1a1c01bbd47fc00a2c39e90264f33305004495a9",
    "hash": "840dfaec9b0026a10de544b072e3df29783e2121"
  },
  "D:\\wd\\Wd_Capostone\\utils\\testHandlers.js": {
    "path": "D:\\wd\\Wd_Capostone\\utils\\testHandlers.js",
    "statementMap": {
      "0": {
        "start": { "line": 1, "column": 16 },
        "end": { "line": 1, "column": 34 }
      },
      "1": {
        "start": { "line": 2, "column": 0 },
        "end": { "line": 13, "column": 2 }
      },
      "2": {
        "start": { "line": 3, "column": 26 },
        "end": { "line": 6, "column": 38 }
      },
      "3": {
        "start": { "line": 8, "column": 32 },
        "end": { "line": 8, "column": 64 }
      },
      "4": {
        "start": { "line": 9, "column": 25 },
        "end": { "line": 9, "column": 63 }
      },
      "5": {
        "start": { "line": 10, "column": 25 },
        "end": { "line": 10, "column": 76 }
      },
      "6": {
        "start": { "line": 11, "column": 21 },
        "end": { "line": 11, "column": 38 }
      },
      "7": {
        "start": { "line": 12, "column": 2 },
        "end": { "line": 12, "column": 20 }
      },
      "8": {
        "start": { "line": 14, "column": 0 },
        "end": { "line": 25, "column": 2 }
      },
      "9": {
        "start": { "line": 15, "column": 29 },
        "end": { "line": 18, "column": 38 }
      },
      "10": {
        "start": { "line": 19, "column": 36 },
        "end": { "line": 19, "column": 71 }
      },
      "11": {
        "start": { "line": 20, "column": 25 },
        "end": { "line": 20, "column": 67 }
      },
      "12": {
        "start": { "line": 22, "column": 4 },
        "end": { "line": 22, "column": 59 }
      },
      "13": {
        "start": { "line": 23, "column": 21 },
        "end": { "line": 23, "column": 38 }
      },
      "14": {
        "start": { "line": 24, "column": 2 },
        "end": { "line": 24, "column": 20 }
      },
      "15": {
        "start": { "line": 26, "column": 0 },
        "end": { "line": 36, "column": 2 }
      },
      "16": {
        "start": { "line": 27, "column": 29 },
        "end": { "line": 30, "column": 38 }
      },
      "17": {
        "start": { "line": 31, "column": 38 },
        "end": { "line": 31, "column": 73 }
      },
      "18": {
        "start": { "line": 32, "column": 22 },
        "end": { "line": 32, "column": 64 }
      },
      "19": {
        "start": { "line": 33, "column": 23 },
        "end": { "line": 33, "column": 75 }
      },
      "20": {
        "start": { "line": 34, "column": 19 },
        "end": { "line": 34, "column": 34 }
      },
      "21": {
        "start": { "line": 35, "column": 2 },
        "end": { "line": 35, "column": 18 }
      },
      "22": {
        "start": { "line": 37, "column": 0 },
        "end": { "line": 53, "column": 2 }
      },
      "23": {
        "start": { "line": 38, "column": 19 },
        "end": { "line": 38, "column": 60 }
      },
      "24": {
        "start": { "line": 40, "column": 21 },
        "end": { "line": 40, "column": 74 }
      },
      "25": {
        "start": { "line": 42, "column": 12 },
        "end": { "line": 42, "column": 77 }
      },
      "26": {
        "start": { "line": 43, "column": 20 },
        "end": { "line": 43, "column": 46 }
      },
      "27": {
        "start": { "line": 45, "column": 2 },
        "end": { "line": 52, "column": 27 }
      },
      "28": {
        "start": { "line": 54, "column": 0 },
        "end": { "line": 57, "column": 2 }
      },
      "29": {
        "start": { "line": 55, "column": 10 },
        "end": { "line": 55, "column": 32 }
      },
      "30": {
        "start": { "line": 56, "column": 2 },
        "end": { "line": 56, "column": 33 }
      },
      "31": {
        "start": { "line": 58, "column": 0 },
        "end": { "line": 69, "column": 2 }
      },
      "32": {
        "start": { "line": 59, "column": 12 },
        "end": { "line": 59, "column": 37 }
      },
      "33": {
        "start": { "line": 60, "column": 18 },
        "end": { "line": 60, "column": 44 }
      },
      "34": {
        "start": { "line": 61, "column": 2 },
        "end": { "line": 68, "column": 27 }
      },
      "35": {
        "start": { "line": 70, "column": 0 },
        "end": { "line": 84, "column": 2 }
      },
      "36": {
        "start": { "line": 71, "column": 12 },
        "end": { "line": 73, "column": 26 }
      },
      "37": {
        "start": { "line": 74, "column": 18 },
        "end": { "line": 74, "column": 44 }
      },
      "38": {
        "start": { "line": 75, "column": 2 },
        "end": { "line": 83, "column": 7 }
      },
      "39": {
        "start": { "line": 85, "column": 0 },
        "end": { "line": 103, "column": 2 }
      },
      "40": {
        "start": { "line": 86, "column": 19 },
        "end": { "line": 86, "column": 60 }
      },
      "41": {
        "start": { "line": 88, "column": 12 },
        "end": { "line": 90, "column": 26 }
      },
      "42": {
        "start": { "line": 91, "column": 18 },
        "end": { "line": 91, "column": 44 }
      },
      "43": {
        "start": { "line": 94, "column": 2 },
        "end": { "line": 102, "column": 27 }
      }
    },
    "fnMap": {
      "0": {
        "name": "(anonymous_0)",
        "decl": {
          "start": { "line": 2, "column": 26 },
          "end": { "line": 2, "column": 27 }
        },
        "loc": {
          "start": { "line": 2, "column": 51 },
          "end": { "line": 13, "column": 1 }
        },
        "line": 2
      },
      "1": {
        "name": "(anonymous_1)",
        "decl": {
          "start": { "line": 14, "column": 26 },
          "end": { "line": 14, "column": 27 }
        },
        "loc": {
          "start": { "line": 14, "column": 63 },
          "end": { "line": 25, "column": 1 }
        },
        "line": 14
      },
      "2": {
        "name": "(anonymous_2)",
        "decl": {
          "start": { "line": 26, "column": 24 },
          "end": { "line": 26, "column": 25 }
        },
        "loc": {
          "start": { "line": 26, "column": 61 },
          "end": { "line": 36, "column": 1 }
        },
        "line": 26
      },
      "3": {
        "name": "(anonymous_3)",
        "decl": {
          "start": { "line": 37, "column": 24 },
          "end": { "line": 37, "column": 25 }
        },
        "loc": {
          "start": { "line": 37, "column": 58 },
          "end": { "line": 53, "column": 1 }
        },
        "line": 37
      },
      "4": {
        "name": "(anonymous_4)",
        "decl": {
          "start": { "line": 54, "column": 27 },
          "end": { "line": 54, "column": 28 }
        },
        "loc": {
          "start": { "line": 54, "column": 36 },
          "end": { "line": 57, "column": 1 }
        },
        "line": 54
      },
      "5": {
        "name": "(anonymous_5)",
        "decl": {
          "start": { "line": 58, "column": 16 },
          "end": { "line": 58, "column": 17 }
        },
        "loc": {
          "start": { "line": 58, "column": 58 },
          "end": { "line": 69, "column": 1 }
        },
        "line": 58
      },
      "6": {
        "name": "(anonymous_6)",
        "decl": {
          "start": { "line": 70, "column": 25 },
          "end": { "line": 70, "column": 26 }
        },
        "loc": {
          "start": { "line": 70, "column": 62 },
          "end": { "line": 84, "column": 1 }
        },
        "line": 70
      },
      "7": {
        "name": "(anonymous_7)",
        "decl": {
          "start": { "line": 85, "column": 25 },
          "end": { "line": 85, "column": 26 }
        },
        "loc": {
          "start": { "line": 85, "column": 70 },
          "end": { "line": 103, "column": 1 }
        },
        "line": 85
      }
    },
    "branchMap": {},
    "s": {
      "0": 5,
      "1": 5,
      "2": 23,
      "3": 23,
      "4": 23,
      "5": 23,
      "6": 23,
      "7": 23,
      "8": 5,
      "9": 9,
      "10": 9,
      "11": 9,
      "12": 9,
      "13": 9,
      "14": 9,
      "15": 5,
      "16": 2,
      "17": 2,
      "18": 2,
      "19": 2,
      "20": 2,
      "21": 2,
      "22": 5,
      "23": 4,
      "24": 4,
      "25": 4,
      "26": 4,
      "27": 4,
      "28": 5,
      "29": 57,
      "30": 57,
      "31": 5,
      "32": 13,
      "33": 13,
      "34": 13,
      "35": 5,
      "36": 12,
      "37": 12,
      "38": 12,
      "39": 5,
      "40": 7,
      "41": 7,
      "42": 7,
      "43": 7
    },
    "f": { "0": 23, "1": 9, "2": 2, "3": 4, "4": 57, "5": 13, "6": 12, "7": 7 },
    "b": {},
    "_coverageSchema": "1a1c01bbd47fc00a2c39e90264f33305004495a9",
    "hash": "713120f8b06e0256660e95570a2eb694300a68c5"
  }
}
