TN:
SF:app.js
FN:37,(anonymous_0)
FN:56,(anonymous_1)
FN:66,(anonymous_2)
FN:79,(anonymous_3)
FN:85,(anonymous_4)
FN:92,(anonymous_5)
FN:99,(anonymous_6)
FN:106,(anonymous_7)
FN:114,(anonymous_8)
FNF:9
FNH:6
FNDA:150,(anonymous_0)
FNDA:150,(anonymous_1)
FNDA:1,(anonymous_2)
FNDA:6,(anonymous_3)
FNDA:14,(anonymous_4)
FNDA:0,(anonymous_5)
FNDA:0,(anonymous_6)
FNDA:0,(anonymous_7)
FNDA:1,(anonymous_8)
DA:2,5
DA:3,5
DA:4,5
DA:6,5
DA:7,5
DA:8,5
DA:9,5
DA:10,5
DA:11,5
DA:12,5
DA:15,5
DA:16,5
DA:19,5
DA:20,5
DA:21,5
DA:22,5
DA:23,5
DA:24,5
DA:27,5
DA:30,5
DA:31,5
DA:32,5
DA:33,5
DA:34,5
DA:37,5
DA:38,150
DA:39,150
DA:40,150
DA:42,5
DA:45,5
DA:55,5
DA:56,5
DA:57,150
DA:58,150
DA:62,5
DA:63,5
DA:66,5
DA:69,1
DA:70,0
DA:72,1
DA:79,5
DA:80,6
DA:85,5
DA:86,14
DA:92,5
DA:94,0
DA:99,5
DA:101,0
DA:106,5
DA:108,0
DA:114,5
DA:115,1
DA:120,1
DA:124,5
DA:125,5
DA:126,5
DA:127,5
DA:128,5
DA:129,5
DA:140,5
DA:143,5
LF:61
LH:57
BRDA:69,0,0,0
BRDA:69,0,1,1
BRF:2
BRH:1
end_of_record
TN:
SF:auth\passport\index.js
FN:4,(anonymous_0)
FN:7,(anonymous_1)
FN:12,(anonymous_2)
FN:14,(anonymous_3)
FN:17,(anonymous_4)
FNF:5
FNH:1
FNDA:10,(anonymous_0)
FNDA:0,(anonymous_1)
FNDA:0,(anonymous_2)
FNDA:0,(anonymous_3)
FNDA:0,(anonymous_4)
DA:1,5
DA:3,5
DA:4,5
DA:5,10
DA:7,10
DA:8,0
DA:9,0
DA:12,10
DA:13,0
DA:15,0
DA:17,0
DA:22,5
LF:12
LH:7
BRF:0
BRH:0
end_of_record
TN:
SF:auth\passport\localStrategy.js
FN:10,(anonymous_0)
FN:12,(anonymous_1)
FN:34,(anonymous_2)
FNF:3
FNH:0
FNDA:0,(anonymous_0)
FNDA:0,(anonymous_1)
FNDA:0,(anonymous_2)
DA:1,5
DA:2,5
DA:4,5
DA:5,5
DA:10,0
DA:13,0
DA:14,0
DA:20,0
DA:21,0
DA:22,0
DA:26,0
DA:27,0
DA:29,0
DA:31,0
DA:35,0
DA:39,5
LF:16
LH:5
BRDA:13,0,0,0
BRDA:13,0,1,0
BRDA:21,1,0,0
BRDA:21,1,1,0
BRDA:27,2,0,0
BRDA:27,2,1,0
BRF:6
BRH:0
end_of_record
TN:
SF:controllers\adminController.js
FN:11,(anonymous_0)
FN:28,(anonymous_1)
FN:75,(anonymous_2)
FN:99,(anonymous_3)
FN:109,(anonymous_4)
FN:138,(anonymous_5)
FN:154,(anonymous_6)
FN:181,(anonymous_7)
FNF:8
FNH:3
FNDA:10,(anonymous_0)
FNDA:6,(anonymous_1)
FNDA:14,(anonymous_2)
FNDA:0,(anonymous_3)
FNDA:0,(anonymous_4)
FNDA:0,(anonymous_5)
FNDA:0,(anonymous_6)
FNDA:0,(anonymous_7)
DA:1,5
DA:2,5
DA:3,5
DA:5,5
DA:6,5
DA:7,5
DA:8,5
DA:11,5
DA:13,10
DA:15,10
DA:19,10
DA:21,10
DA:24,10
DA:28,5
DA:29,6
DA:31,6
DA:34,6
DA:35,6
DA:41,6
DA:43,0
DA:44,0
DA:45,0
DA:46,0
DA:48,0
DA:49,0
DA:50,0
DA:51,0
DA:54,0
DA:56,0
DA:57,0
DA:59,0
DA:62,0
DA:64,0
DA:65,0
DA:69,0
DA:75,5
DA:76,14
DA:77,14
DA:79,14
DA:80,14
DA:81,0
DA:82,0
DA:85,14
DA:86,14
DA:87,10
DA:88,10
DA:90,14
DA:91,4
DA:94,0
DA:99,5
DA:100,0
DA:105,0
DA:109,5
DA:110,0
DA:111,0
DA:112,0
DA:114,0
DA:116,0
DA:117,0
DA:118,0
DA:119,0
DA:121,0
DA:122,0
DA:132,0
DA:138,5
DA:139,0
DA:140,0
DA:141,0
DA:147,0
DA:154,5
DA:155,0
DA:157,0
DA:158,0
DA:159,0
DA:160,0
DA:161,0
DA:164,0
DA:166,0
DA:168,0
DA:171,0
DA:173,0
DA:177,0
DA:181,5
DA:183,0
DA:188,0
DA:197,0
DA:198,0
DA:199,0
DA:200,0
DA:203,0
DA:204,0
DA:205,0
DA:206,0
DA:207,0
DA:208,0
DA:209,0
DA:214,0
DA:217,0
DA:220,0
LF:99
LH:35
BRDA:19,0,0,0
BRDA:19,0,1,10
BRDA:44,1,0,0
BRDA:44,1,1,0
BRDA:48,2,0,0
BRDA:48,2,1,0
BRDA:51,3,0,0
BRDA:51,3,1,0
BRDA:56,4,0,0
BRDA:56,4,1,0
BRDA:59,5,0,0
BRDA:59,5,1,0
BRDA:64,6,0,0
BRDA:64,6,1,0
BRDA:80,7,0,0
BRDA:80,7,1,14
BRDA:86,8,0,10
BRDA:86,8,1,4
BRDA:90,9,0,4
BRDA:90,9,1,10
BRDA:112,10,0,0
BRDA:112,10,1,0
BRDA:121,11,0,0
BRDA:121,11,1,0
BRDA:140,12,0,0
BRDA:140,12,1,0
BRDA:158,13,0,0
BRDA:158,13,1,0
BRDA:197,14,0,0
BRDA:197,14,1,0
BRDA:214,15,0,0
BRDA:214,15,1,0
BRF:32
BRH:6
end_of_record
TN:
SF:controllers\answerControler.js
FN:5,(anonymous_0)
FN:45,(anonymous_1)
FN:61,(anonymous_2)
FN:74,(anonymous_3)
FN:87,(anonymous_4)
FN:105,(anonymous_5)
FNF:6
FNH:4
FNDA:5,(anonymous_0)
FNDA:0,(anonymous_1)
FNDA:0,(anonymous_2)
FNDA:1,(anonymous_3)
FNDA:1,(anonymous_4)
FNDA:1,(anonymous_5)
DA:1,5
DA:2,5
DA:5,5
DA:8,5
DA:10,5
DA:11,5
DA:12,5
DA:17,5
DA:18,0
DA:24,5
DA:26,0
DA:28,0
DA:29,0
DA:30,0
DA:32,0
DA:33,0
DA:40,0
DA:45,5
DA:46,0
DA:47,0
DA:48,0
DA:49,0
DA:50,0
DA:51,0
DA:53,0
DA:55,0
DA:56,0
DA:61,5
DA:62,0
DA:63,0
DA:64,0
DA:65,0
DA:74,5
DA:75,1
DA:76,1
DA:77,1
DA:78,1
DA:79,1
DA:81,0
DA:82,0
DA:83,0
DA:87,5
DA:88,1
DA:89,1
DA:90,1
DA:91,1
DA:92,1
DA:93,0
DA:95,1
DA:98,1
DA:100,0
DA:101,0
DA:105,5
DA:106,1
DA:107,1
DA:108,1
DA:109,1
DA:110,1
DA:111,0
DA:113,1
DA:115,1
DA:122,1
LF:62
LH:34
BRDA:17,0,0,0
BRDA:17,0,1,5
BRDA:28,1,0,0
BRDA:28,1,1,0
BRDA:32,2,0,0
BRDA:32,2,1,0
BRDA:50,3,0,0
BRDA:50,3,1,0
BRDA:92,4,0,0
BRDA:92,4,1,1
BRDA:110,5,0,0
BRDA:110,5,1,1
BRF:12
BRH:3
end_of_record
TN:
SF:controllers\electionsController.js
FN:13,(anonymous_0)
FN:32,(anonymous_1)
FN:73,(anonymous_2)
FN:148,(anonymous_3)
FN:169,(anonymous_4)
FN:182,(anonymous_5)
FN:202,(anonymous_6)
FN:224,(anonymous_7)
FN:239,(anonymous_8)
FN:298,(anonymous_9)
FN:328,(anonymous_10)
FN:341,(anonymous_11)
FN:366,(anonymous_12)
FN:405,(anonymous_13)
FN:407,(anonymous_14)
FN:448,(anonymous_15)
FN:479,(anonymous_16)
FN:492,(anonymous_17)
FNF:18
FNH:9
FNDA:0,(anonymous_0)
FNDA:13,(anonymous_1)
FNDA:0,(anonymous_2)
FNDA:0,(anonymous_3)
FNDA:1,(anonymous_4)
FNDA:1,(anonymous_5)
FNDA:26,(anonymous_6)
FNDA:13,(anonymous_7)
FNDA:1,(anonymous_8)
FNDA:10,(anonymous_9)
FNDA:8,(anonymous_10)
FNDA:2,(anonymous_11)
FNDA:0,(anonymous_12)
FNDA:0,(anonymous_13)
FNDA:0,(anonymous_14)
FNDA:0,(anonymous_15)
FNDA:0,(anonymous_16)
FNDA:0,(anonymous_17)
DA:8,5
DA:9,5
DA:10,5
DA:13,5
DA:14,0
DA:15,0
DA:16,0
DA:17,0
DA:19,0
DA:20,0
DA:25,0
DA:32,5
DA:33,13
DA:34,13
DA:35,13
DA:36,13
DA:38,13
DA:44,8
DA:45,0
DA:47,8
DA:49,5
DA:50,5
DA:51,5
DA:52,5
DA:55,0
DA:57,5
DA:58,0
DA:60,5
DA:64,5
DA:68,5
DA:73,5
DA:74,0
DA:75,0
DA:76,0
DA:77,0
DA:79,0
DA:80,0
DA:83,0
DA:84,0
DA:88,0
DA:89,0
DA:90,0
DA:98,0
DA:99,0
DA:112,0
DA:113,0
DA:114,0
DA:118,0
DA:119,0
DA:122,0
DA:129,0
DA:131,0
DA:132,0
DA:133,0
DA:140,0
DA:143,0
DA:144,0
DA:148,5
DA:149,0
DA:150,0
DA:151,0
DA:152,0
DA:155,0
DA:156,0
DA:158,0
DA:159,0
DA:160,0
DA:162,0
DA:164,0
DA:169,5
DA:170,1
DA:171,1
DA:172,1
DA:173,1
DA:174,1
DA:176,0
DA:177,0
DA:182,5
DA:183,1
DA:184,1
DA:185,1
DA:186,1
DA:187,1
DA:188,0
DA:190,1
DA:194,1
DA:196,0
DA:197,0
DA:202,5
DA:203,26
DA:204,26
DA:205,26
DA:207,26
DA:208,2
DA:215,24
DA:224,5
DA:225,13
DA:226,13
DA:227,13
DA:228,13
DA:234,0
DA:239,5
DA:240,1
DA:241,1
DA:242,1
DA:243,1
DA:244,1
DA:245,0
DA:247,1
DA:248,1
DA:249,1
DA:250,1
DA:251,1
DA:252,1
DA:253,1
DA:254,0
DA:267,1
DA:268,0
DA:269,0
DA:272,1
DA:273,1
DA:274,1
DA:285,0
DA:298,5
DA:299,10
DA:300,10
DA:302,10
DA:303,10
DA:304,0
DA:306,10
DA:307,10
DA:309,10
DA:310,1
DA:318,9
DA:328,5
DA:329,8
DA:330,8
DA:331,8
DA:332,8
DA:333,8
DA:341,5
DA:342,2
DA:343,2
DA:344,2
DA:345,2
DA:346,2
DA:347,0
DA:350,2
DA:351,2
DA:358,0
DA:366,5
DA:367,0
DA:369,0
DA:370,0
DA:372,0
DA:373,0
DA:378,0
DA:379,0
DA:393,0
DA:394,0
DA:395,0
DA:396,0
DA:401,0
DA:402,0
DA:405,0
DA:406,0
DA:407,0
DA:409,0
DA:410,0
DA:411,0
DA:413,0
DA:415,0
DA:417,0
DA:419,0
DA:425,0
DA:426,0
DA:437,0
DA:448,5
DA:449,0
DA:452,0
DA:454,0
DA:455,0
DA:456,0
DA:457,0
DA:459,0
DA:460,0
DA:464,0
DA:465,0
DA:466,0
DA:476,0
DA:479,5
DA:482,0
DA:483,0
DA:484,0
DA:487,0
DA:488,0
DA:491,0
DA:493,0
DA:494,0
DA:495,0
DA:496,0
DA:497,0
DA:499,0
DA:508,0
DA:510,0
LF:205
LH:92
BRDA:16,0,0,0
BRDA:16,0,1,0
BRDA:19,1,0,0
BRDA:19,1,1,0
BRDA:44,2,0,0
BRDA:44,2,1,8
BRDA:50,3,0,5
BRDA:50,3,1,0
BRDA:52,4,0,0
BRDA:52,4,1,5
BRDA:57,5,0,0
BRDA:57,5,1,5
BRDA:60,6,0,5
BRDA:60,6,1,0
BRDA:83,7,0,0
BRDA:83,7,1,0
BRDA:89,8,0,0
BRDA:89,8,1,0
BRDA:113,9,0,0
BRDA:113,9,1,0
BRDA:118,10,0,0
BRDA:118,10,1,0
BRDA:131,11,0,0
BRDA:131,11,1,0
BRDA:155,12,0,0
BRDA:155,12,1,0
BRDA:187,13,0,0
BRDA:187,13,1,1
BRDA:207,14,0,2
BRDA:207,14,1,24
BRDA:227,15,0,13
BRDA:227,15,1,0
BRDA:244,16,0,0
BRDA:244,16,1,1
BRDA:268,17,0,0
BRDA:268,17,1,0
BRDA:273,18,0,1
BRDA:273,18,1,0
BRDA:303,19,0,0
BRDA:303,19,1,10
BRDA:309,20,0,1
BRDA:309,20,1,9
BRDA:346,21,0,0
BRDA:346,21,1,2
BRDA:350,22,0,2
BRDA:350,22,1,0
BRDA:410,23,0,0
BRDA:410,23,1,0
BRDA:425,24,0,0
BRDA:425,24,1,0
BRDA:456,25,0,0
BRDA:456,25,1,0
BRDA:465,26,0,0
BRDA:465,26,1,0
BRDA:487,27,0,0
BRDA:487,27,1,0
BRDA:493,28,0,0
BRDA:493,28,1,0
BRF:58
BRH:16
end_of_record
TN:
SF:controllers\errorController.js
FN:2,(anonymous_0)
FN:5,(anonymous_1)
FN:7,(anonymous_2)
FN:9,(anonymous_3)
FN:11,(anonymous_4)
FN:15,(anonymous_5)
FN:33,(anonymous_6)
FN:70,(anonymous_7)
FNF:8
FNH:1
FNDA:0,(anonymous_0)
FNDA:0,(anonymous_1)
FNDA:0,(anonymous_2)
FNDA:0,(anonymous_3)
FNDA:0,(anonymous_4)
FNDA:0,(anonymous_5)
FNDA:0,(anonymous_6)
FNDA:1,(anonymous_7)
DA:1,5
DA:2,5
DA:3,0
DA:5,5
DA:6,0
DA:7,5
DA:8,0
DA:9,5
DA:10,0
DA:11,5
DA:12,0
DA:13,0
DA:15,5
DA:18,0
DA:19,0
DA:27,0
DA:28,0
DA:33,5
DA:35,0
DA:37,0
DA:38,0
DA:45,0
DA:47,0
DA:55,0
DA:56,0
DA:63,0
DA:65,0
DA:70,5
DA:73,1
DA:74,1
DA:76,1
DA:77,0
DA:78,1
DA:79,0
DA:80,0
DA:82,0
DA:83,0
DA:84,0
DA:85,0
DA:86,0
DA:89,0
DA:93,0
DA:94,0
DA:97,0
DA:99,0
LF:45
LH:13
BRDA:18,0,0,0
BRDA:18,0,1,0
BRDA:35,1,0,0
BRDA:35,1,1,0
BRDA:37,2,0,0
BRDA:37,2,1,0
BRDA:55,3,0,0
BRDA:55,3,1,0
BRDA:73,4,0,1
BRDA:73,4,1,1
BRDA:74,5,0,1
BRDA:74,5,1,1
BRDA:76,6,0,0
BRDA:76,6,1,1
BRDA:78,7,0,0
BRDA:78,7,1,1
BRDA:82,8,0,0
BRDA:82,8,1,0
BRDA:83,9,0,0
BRDA:83,9,1,0
BRDA:84,10,0,0
BRDA:84,10,1,0
BRDA:85,11,0,0
BRDA:85,11,1,0
BRDA:89,12,0,0
BRDA:89,12,1,0
BRDA:94,13,0,0
BRDA:94,13,1,0
BRF:28
BRH:6
end_of_record
TN:
SF:controllers\questionsController.js
FN:5,(anonymous_0)
FN:50,(anonymous_1)
FN:85,(anonymous_2)
FN:112,(anonymous_3)
FN:134,(anonymous_4)
FNF:5
FNH:4
FNDA:8,(anonymous_0)
FNDA:8,(anonymous_1)
FNDA:0,(anonymous_2)
FNDA:1,(anonymous_3)
FNDA:1,(anonymous_4)
DA:1,5
DA:2,5
DA:5,5
DA:8,8
DA:10,8
DA:11,8
DA:12,8
DA:19,8
DA:20,0
DA:26,8
DA:28,0
DA:29,0
DA:30,0
DA:31,0
DA:33,0
DA:36,0
DA:38,0
DA:41,0
DA:45,0
DA:50,5
DA:51,8
DA:52,8
DA:54,8
DA:55,8
DA:56,0
DA:58,8
DA:59,8
DA:61,8
DA:62,8
DA:63,8
DA:64,8
DA:65,6
DA:74,2
DA:85,5
DA:87,0
DA:88,0
DA:89,0
DA:91,0
DA:92,0
DA:95,0
DA:96,0
DA:103,0
DA:104,0
DA:106,0
DA:107,0
DA:108,0
DA:112,5
DA:113,1
DA:114,1
DA:116,1
DA:117,1
DA:118,1
DA:119,0
DA:121,1
DA:126,1
DA:128,0
DA:129,0
DA:134,5
DA:135,1
DA:136,1
DA:137,1
DA:138,1
DA:139,1
DA:140,1
DA:141,0
DA:143,1
DA:148,1
DA:156,0
LF:68
LH:40
BRDA:19,0,0,0
BRDA:19,0,1,8
BRDA:29,1,0,0
BRDA:29,1,1,0
BRDA:33,2,0,0
BRDA:33,2,1,0
BRDA:38,3,0,0
BRDA:38,3,1,0
BRDA:55,4,0,0
BRDA:55,4,1,8
BRDA:64,5,0,6
BRDA:64,5,1,2
BRDA:95,6,0,0
BRDA:95,6,1,0
BRDA:118,7,0,0
BRDA:118,7,1,1
BRDA:140,8,0,0
BRDA:140,8,1,1
BRF:18
BRH:6
end_of_record
TN:
SF:controllers\resultController.js
FN:2,(anonymous_0)
FNF:1
FNH:0
FNDA:0,(anonymous_0)
DA:1,5
DA:2,5
DA:4,0
DA:5,0
DA:6,0
DA:7,0
LF:6
LH:2
BRF:0
BRH:0
end_of_record
TN:
SF:controllers\voterController.js
FN:5,(anonymous_0)
FN:44,(anonymous_1)
FN:68,(anonymous_2)
FNF:3
FNH:3
FNDA:2,(anonymous_0)
FNDA:4,(anonymous_1)
FNDA:1,(anonymous_2)
DA:1,5
DA:2,5
DA:5,5
DA:6,2
DA:7,2
DA:8,2
DA:10,2
DA:12,2
DA:13,2
DA:19,2
DA:20,0
DA:22,2
DA:24,0
DA:25,0
DA:26,0
DA:27,0
DA:29,0
DA:32,0
DA:34,0
DA:35,0
DA:38,0
DA:44,5
DA:45,4
DA:46,4
DA:47,4
DA:48,4
DA:49,4
DA:52,4
DA:53,3
DA:61,1
DA:68,5
DA:69,1
DA:70,1
DA:71,1
DA:72,1
DA:73,1
DA:75,0
DA:76,0
DA:77,0
LF:39
LH:26
BRDA:19,0,0,0
BRDA:19,0,1,2
BRDA:25,1,0,0
BRDA:25,1,1,0
BRDA:29,2,0,0
BRDA:29,2,1,0
BRDA:34,3,0,0
BRDA:34,3,1,0
BRDA:52,4,0,3
BRDA:52,4,1,1
BRF:10
BRH:3
end_of_record
TN:
SF:middelwares\authenticateJWT.js
FN:7,(anonymous_0)
FN:23,(anonymous_1)
FNF:2
FNH:2
FNDA:133,(anonymous_0)
FNDA:133,(anonymous_1)
DA:4,5
DA:5,5
DA:7,5
DA:9,133
DA:13,0
DA:14,133
DA:15,133
DA:17,133
DA:18,0
DA:19,0
DA:21,0
DA:23,133
DA:24,133
DA:28,1
DA:29,1
DA:31,1
DA:33,132
DA:34,132
DA:35,132
DA:36,132
DA:43,132
DA:47,5
LF:22
LH:18
BRDA:9,0,0,0
BRDA:9,0,1,133
BRDA:10,1,0,133
BRDA:10,1,1,0
BRDA:14,2,0,133
BRDA:14,2,1,0
BRDA:17,3,0,0
BRDA:17,3,1,133
BRDA:18,4,0,0
BRDA:18,4,1,0
BRDA:24,5,0,1
BRDA:24,5,1,132
BRDA:28,6,0,1
BRDA:28,6,1,0
BRF:14
BRH:7
end_of_record
TN:
SF:middelwares\checkElectionStatus.js
FN:7,(anonymous_0)
FNF:1
FNH:0
FNDA:0,(anonymous_0)
DA:6,5
DA:7,5
DA:8,0
DA:10,0
DA:11,0
DA:12,0
DA:13,0
DA:14,0
DA:16,0
DA:18,0
DA:19,0
DA:20,0
DA:21,0
DA:22,0
DA:23,0
DA:25,0
DA:28,0
DA:32,5
LF:18
LH:3
BRDA:14,0,0,0
BRDA:14,0,1,0
BRDA:19,1,0,0
BRDA:19,1,1,0
BRDA:19,2,0,0
BRDA:19,2,1,0
BRDA:21,3,0,0
BRDA:21,3,1,0
BRDA:21,4,0,0
BRDA:21,4,1,0
BRDA:23,5,0,0
BRDA:23,5,1,0
BRF:12
BRH:0
end_of_record
TN:
SF:middelwares\passUrl.js
FN:4,(anonymous_0)
FNF:1
FNH:0
FNDA:0,(anonymous_0)
DA:4,5
DA:5,0
DA:6,0
DA:7,0
DA:9,5
LF:5
LH:2
BRF:0
BRH:0
end_of_record
TN:
SF:models\admin.js
FN:4,(anonymous_0)
FN:12,(anonymous_1)
FN:32,(anonymous_2)
FN:35,(anonymous_3)
FN:38,(anonymous_4)
FN:75,(anonymous_5)
FN:80,(anonymous_6)
FN:85,(anonymous_7)
FNF:8
FNH:5
FNDA:5,(anonymous_0)
FNDA:5,(anonymous_1)
FNDA:66,(anonymous_2)
FNDA:0,(anonymous_3)
FNDA:0,(anonymous_4)
FNDA:6,(anonymous_5)
FNDA:6,(anonymous_6)
FNDA:0,(anonymous_7)
DA:2,5
DA:3,5
DA:4,5
DA:14,5
DA:18,5
DA:22,5
DA:26,5
DA:33,66
DA:36,0
DA:39,0
DA:40,0
DA:44,0
DA:46,0
DA:47,0
DA:50,5
DA:76,6
DA:81,6
DA:82,0
DA:83,6
DA:85,0
DA:107,5
LF:21
LH:13
BRDA:81,0,0,0
BRDA:81,0,1,6
BRF:2
BRH:1
end_of_record
TN:
SF:models\answer.js
FN:3,(anonymous_0)
FN:5,(anonymous_1)
FN:18,(anonymous_2)
FN:25,(anonymous_3)
FN:32,(anonymous_4)
FN:40,(anonymous_5)
FN:53,(anonymous_6)
FN:56,(anonymous_7)
FNF:8
FNH:5
FNDA:5,(anonymous_0)
FNDA:5,(anonymous_1)
FNDA:5,(anonymous_2)
FNDA:0,(anonymous_3)
FNDA:8,(anonymous_4)
FNDA:0,(anonymous_5)
FNDA:0,(anonymous_6)
FNDA:1,(anonymous_7)
DA:2,5
DA:3,5
DA:7,5
DA:10,5
DA:13,5
DA:19,5
DA:26,0
DA:33,8
DA:41,0
DA:54,0
DA:57,1
DA:65,5
DA:81,5
LF:13
LH:10
BRF:0
BRH:0
end_of_record
TN:
SF:models\election.js
FN:3,(anonymous_0)
FN:11,(anonymous_1)
FN:29,(anonymous_2)
FN:35,(anonymous_3)
FN:42,(anonymous_4)
FN:49,(anonymous_5)
FN:57,(anonymous_6)
FN:60,(anonymous_7)
FN:68,(anonymous_8)
FN:96,(anonymous_9)
FN:101,(anonymous_10)
FN:106,(anonymous_11)
FNF:12
FNH:8
FNDA:5,(anonymous_0)
FNDA:5,(anonymous_1)
FNDA:26,(anonymous_2)
FNDA:34,(anonymous_3)
FNDA:0,(anonymous_4)
FNDA:13,(anonymous_5)
FNDA:0,(anonymous_6)
FNDA:1,(anonymous_7)
FNDA:0,(anonymous_8)
FNDA:13,(anonymous_9)
FNDA:13,(anonymous_10)
FNDA:0,(anonymous_11)
DA:2,5
DA:3,5
DA:13,5
DA:16,5
DA:20,5
DA:24,5
DA:30,26
DA:36,34
DA:43,0
DA:50,13
DA:58,0
DA:61,1
DA:69,0
DA:72,5
DA:97,13
DA:102,13
DA:103,5
DA:104,13
DA:106,0
DA:116,5
LF:20
LH:16
BRDA:102,0,0,5
BRDA:102,0,1,8
BRF:2
BRH:2
end_of_record
TN:
SF:models\index.js
FN:21,(anonymous_0)
FN:24,(anonymous_1)
FN:29,(anonymous_2)
FNF:3
FNH:3
FNDA:35,(anonymous_0)
FNDA:30,(anonymous_1)
FNDA:30,(anonymous_2)
DA:3,5
DA:4,5
DA:5,5
DA:6,5
DA:7,5
DA:8,5
DA:9,5
DA:10,5
DA:13,5
DA:14,0
DA:16,5
DA:19,5
DA:22,35
DA:25,30
DA:26,30
DA:29,5
DA:30,30
DA:31,30
DA:35,5
DA:36,5
DA:38,5
LF:21
LH:20
BRDA:8,0,0,5
BRDA:8,0,1,0
BRDA:13,1,0,0
BRDA:13,1,1,5
BRDA:22,2,0,35
BRDA:22,2,1,35
BRDA:22,2,2,30
BRDA:30,3,0,30
BRDA:30,3,1,0
BRF:9
BRH:6
end_of_record
TN:
SF:models\question.js
FN:3,(anonymous_0)
FN:11,(anonymous_1)
FN:28,(anonymous_2)
FN:36,(anonymous_3)
FN:45,(anonymous_4)
FN:52,(anonymous_5)
FN:55,(anonymous_6)
FNF:7
FNH:5
FNDA:5,(anonymous_0)
FNDA:5,(anonymous_1)
FNDA:8,(anonymous_2)
FNDA:11,(anonymous_3)
FNDA:10,(anonymous_4)
FNDA:0,(anonymous_5)
FNDA:0,(anonymous_6)
DA:2,5
DA:3,5
DA:13,5
DA:16,5
DA:19,5
DA:23,5
DA:29,8
DA:37,11
DA:46,10
DA:53,0
DA:56,0
DA:64,5
DA:86,5
LF:13
LH:11
BRF:0
BRH:0
end_of_record
TN:
SF:models\result.js
FN:3,(anonymous_0)
FN:10,(anonymous_1)
FN:25,(anonymous_2)
FN:32,(anonymous_3)
FNF:4
FNH:2
FNDA:5,(anonymous_0)
FNDA:5,(anonymous_1)
FNDA:0,(anonymous_2)
FNDA:0,(anonymous_3)
DA:2,5
DA:3,5
DA:12,5
DA:15,5
DA:18,5
DA:21,5
DA:26,0
DA:33,0
DA:36,5
DA:45,5
LF:10
LH:8
BRF:0
BRH:0
end_of_record
TN:
SF:models\voter.js
FN:3,(anonymous_0)
FN:11,(anonymous_1)
FN:23,(anonymous_2)
FN:31,(anonymous_3)
FN:37,(anonymous_4)
FN:40,(anonymous_5)
FN:57,(anonymous_6)
FN:62,(anonymous_7)
FN:67,(anonymous_8)
FNF:9
FNH:7
FNDA:5,(anonymous_0)
FNDA:5,(anonymous_1)
FNDA:2,(anonymous_2)
FNDA:5,(anonymous_3)
FNDA:0,(anonymous_4)
FNDA:1,(anonymous_5)
FNDA:2,(anonymous_6)
FNDA:2,(anonymous_7)
FNDA:0,(anonymous_8)
DA:2,5
DA:3,5
DA:13,5
DA:16,5
DA:19,5
DA:24,2
DA:32,5
DA:38,0
DA:41,1
DA:49,5
DA:58,2
DA:63,2
DA:64,0
DA:65,2
DA:67,0
DA:96,5
LF:16
LH:13
BRDA:63,0,0,0
BRDA:63,0,1,2
BRF:2
BRH:1
end_of_record
TN:
SF:routes\adminRoute.js
FN:15,(anonymous_0)
FNF:1
FNH:0
FNDA:0,(anonymous_0)
DA:2,5
DA:3,5
DA:4,5
DA:5,5
DA:7,5
DA:8,5
DA:10,5
DA:11,5
DA:12,5
DA:13,5
DA:14,5
DA:15,5
DA:18,0
DA:19,0
DA:26,5
LF:15
LH:13
BRF:0
BRH:0
end_of_record
TN:
SF:routes\answerRoute.js
FNF:0
FNH:0
DA:1,5
DA:2,5
DA:3,5
DA:4,5
DA:5,5
DA:7,5
DA:8,5
DA:9,5
DA:11,5
DA:12,5
DA:13,5
LF:11
LH:11
BRF:0
BRH:0
end_of_record
TN:
SF:routes\electionsRoute.js
FN:99,(anonymous_0)
FNF:1
FNH:0
FNDA:0,(anonymous_0)
DA:2,5
DA:3,5
DA:5,5
DA:6,5
DA:8,5
DA:9,5
DA:10,5
DA:11,5
DA:13,5
DA:15,5
DA:16,5
DA:22,5
DA:23,5
DA:24,5
DA:25,5
DA:26,5
DA:27,5
DA:28,5
DA:30,5
DA:35,5
DA:41,5
DA:46,5
DA:51,5
DA:58,5
DA:59,5
DA:61,5
DA:63,5
DA:69,5
DA:76,5
DA:77,5
DA:79,5
DA:81,5
DA:87,5
DA:93,5
DA:100,0
DA:103,5
LF:36
LH:35
BRF:0
BRH:0
end_of_record
TN:
SF:routes\questionsRoute.js
FNF:0
FNH:0
DA:1,5
DA:2,5
DA:3,5
DA:4,5
DA:6,5
DA:8,5
DA:10,5
DA:12,5
DA:13,5
DA:15,5
DA:16,5
DA:17,5
DA:19,5
LF:13
LH:13
BRF:0
BRH:0
end_of_record
TN:
SF:routes\resultsRoute.js
FNF:0
FNH:0
DA:1,5
DA:2,5
DA:3,5
DA:5,5
DA:7,5
LF:5
LH:5
BRF:0
BRH:0
end_of_record
TN:
SF:routes\votersRoute.js
FN:13,(anonymous_0)
FNF:1
FNH:0
FNDA:0,(anonymous_0)
DA:1,5
DA:2,5
DA:3,5
DA:4,5
DA:5,5
DA:6,5
DA:7,5
DA:13,5
DA:14,0
DA:15,0
DA:17,5
DA:18,5
LF:12
LH:10
BRF:0
BRH:0
end_of_record
TN:
SF:utils\AppError.js
FN:2,(anonymous_0)
FNF:1
FNH:1
FNDA:1,(anonymous_0)
DA:3,1
DA:5,1
DA:6,1
DA:7,1
DA:9,1
DA:13,5
LF:6
LH:6
BRDA:6,0,0,1
BRDA:6,0,1,0
BRF:2
BRH:1
end_of_record
TN:
SF:utils\email.js
FN:4,(anonymous_0)
FN:11,(anonymous_1)
FN:35,(anonymous_2)
FN:48,(anonymous_3)
FN:52,(anonymous_4)
FNF:5
FNH:0
FNDA:0,(anonymous_0)
FNDA:0,(anonymous_1)
FNDA:0,(anonymous_2)
FNDA:0,(anonymous_3)
FNDA:0,(anonymous_4)
DA:1,5
DA:3,5
DA:5,0
DA:6,0
DA:7,0
DA:8,0
DA:12,0
DA:13,0
DA:24,0
DA:37,0
DA:45,0
DA:49,0
DA:53,0
LF:13
LH:2
BRDA:12,0,0,0
BRDA:12,0,1,0
BRF:2
BRH:0
end_of_record
TN:
SF:utils\index.js
FN:6,(anonymous_0)
FN:12,(anonymous_1)
FN:23,(anonymous_2)
FN:29,(anonymous_3)
FN:36,(anonymous_4)
FN:74,(anonymous_5)
FNF:6
FNH:3
FNDA:8,(anonymous_0)
FNDA:10,(anonymous_1)
FNDA:0,(anonymous_2)
FNDA:1,(anonymous_3)
FNDA:0,(anonymous_4)
FNDA:0,(anonymous_5)
DA:1,5
DA:2,5
DA:3,5
DA:4,5
DA:5,5
DA:6,5
DA:7,8
DA:8,8
DA:9,8
DA:12,5
DA:13,10
DA:20,10
DA:23,5
DA:24,0
DA:25,0
DA:26,0
DA:29,5
DA:30,1
DA:31,1
DA:32,1
DA:33,1
DA:36,5
DA:38,0
DA:69,0
DA:70,0
DA:72,0
DA:73,0
DA:74,0
DA:75,0
DA:76,0
DA:78,0
LF:31
LH:19
BRDA:12,0,0,10
BRF:1
BRH:1
end_of_record
TN:
SF:utils\testHandlers.js
FN:2,(anonymous_0)
FN:14,(anonymous_1)
FN:26,(anonymous_2)
FN:37,(anonymous_3)
FN:54,(anonymous_4)
FN:58,(anonymous_5)
FN:70,(anonymous_6)
FN:85,(anonymous_7)
FNF:8
FNH:8
FNDA:23,(anonymous_0)
FNDA:9,(anonymous_1)
FNDA:2,(anonymous_2)
FNDA:4,(anonymous_3)
FNDA:57,(anonymous_4)
FNDA:13,(anonymous_5)
FNDA:12,(anonymous_6)
FNDA:7,(anonymous_7)
DA:1,5
DA:2,5
DA:3,23
DA:8,23
DA:9,23
DA:10,23
DA:11,23
DA:12,23
DA:14,5
DA:15,9
DA:19,9
DA:20,9
DA:22,9
DA:23,9
DA:24,9
DA:26,5
DA:27,2
DA:31,2
DA:32,2
DA:33,2
DA:34,2
DA:35,2
DA:37,5
DA:38,4
DA:40,4
DA:42,4
DA:43,4
DA:45,4
DA:54,5
DA:55,57
DA:56,57
DA:58,5
DA:59,13
DA:60,13
DA:61,13
DA:70,5
DA:71,12
DA:74,12
DA:75,12
DA:85,5
DA:86,7
DA:88,7
DA:91,7
DA:94,7
LF:44
LH:44
BRF:0
BRH:0
end_of_record
